<?xml version="1.0" encoding="UTF-8"?>
<testsuite xmlns:xsi="http://www.w3.org/2001/XMLSchema-instance" xsi:noNamespaceSchemaLocation="https://maven.apache.org/surefire/maven-surefire-plugin/xsd/surefire-test-report-3.0.xsd" version="3.0" name="com.cognizant.slf4j.Exercise3UsingDifferentAppendersTest" time="0.016" tests="5" errors="0" skipped="0" failures="0">
  <properties>
[...]
</properties>
  <testcase name="testFileAppenderLogging" classname="com.cognizant.slf4j.Exercise3UsingDifferentAppendersTest" time="0.002">
    <system-out><![CDATA[2026-07-25 18:00:48.238 [main] DEBUG c.c.s.Exercise3UsingDifferentAppendersTest - Testing file appender
2026-07-25 18:00:48.239 [main] INFO  c.c.s.Exercise3UsingDifferentAppendersTest - This message should be written to file
2026-07-25 18:00:48.239 [main] DEBUG c.c.s.Exercise3UsingDifferentAppendersTest - File appender is configured and working
2026-07-25 18:00:48.240 [main] INFO  c.c.s.Exercise3UsingDifferentAppendersTest - ? File appender test passed
]]></system-out>
  </testcase>
  <testcase name="testDifferentLoggingLevels" classname="com.cognizant.slf4j.Exercise3UsingDifferentAppendersTest" time="0.002">
    <system-out><![CDATA[2026-07-25 18:00:48.242 [main] DEBUG c.c.s.Exercise3UsingDifferentAppendersTest - DEBUG: Detailed diagnostic information
2026-07-25 18:00:48.242 [main] INFO  c.c.s.Exercise3UsingDifferentAppendersTest - INFO: General informational messages
2026-07-25 18:00:48.243 [main] WARN  c.c.s.Exercise3UsingDifferentAppendersTest - WARN: Warning messages
2026-07-25 18:00:48.243 [main] ERROR c.c.s.Exercise3UsingDifferentAppendersTest - ERROR: Error messages
2026-07-25 18:00:48.243 [main] INFO  c.c.s.Exercise3UsingDifferentAppendersTest - ? Different logging levels test passed
]]></system-out>
  </testcase>
  <testcase name="testConsoleAppenderLogging" classname="com.cognizant.slf4j.Exercise3UsingDifferentAppendersTest" time="0.002">
    <system-out><![CDATA[2026-07-25 18:00:48.245 [main] DEBUG c.c.s.Exercise3UsingDifferentAppendersTest - Testing console appender
2026-07-25 18:00:48.246 [main] INFO  c.c.s.Exercise3UsingDifferentAppendersTest - This message goes to console appender
2026-07-25 18:00:48.246 [main] WARN  c.c.s.Exercise3UsingDifferentAppendersTest - Console appender is working
2026-07-25 18:00:48.246 [main] INFO  c.c.s.Exercise3UsingDifferentAppendersTest - ? Console appender test passed
]]></system-out>
  </testcase>
  <testcase name="testLogFilesExist" classname="com.cognizant.slf4j.Exercise3UsingDifferentAppendersTest" time="0.003">
    <system-out><![CDATA[2026-07-25 18:00:48.248 [main] INFO  c.c.s.Exercise3UsingDifferentAppendersTest - Testing log file creation
2026-07-25 18:00:48.248 [main] DEBUG c.c.s.Exercise3UsingDifferentAppendersTest - Checking if logs directory and files exist
2026-07-25 18:00:48.248 [main] INFO  c.c.s.Exercise3UsingDifferentAppendersTest - Logs directory exists: true
2026-07-25 18:00:48.249 [main] INFO  c.c.s.Exercise3UsingDifferentAppendersTest - Application log file exists with size: 50245 bytes
2026-07-25 18:00:48.249 [main] INFO  c.c.s.Exercise3UsingDifferentAppendersTest - ? Log files verification completed
]]></system-out>
  </testcase>
  <testcase name="testErrorFileAppenderLogging" classname="com.cognizant.slf4j.Exercise3UsingDifferentAppendersTest" time="0.002">
    <system-out><![CDATA[2026-07-25 18:00:48.252 [main] DEBUG c.c.s.Exercise3UsingDifferentAppendersTest - Testing error file appender
2026-07-25 18:00:48.252 [main] ERROR c.c.s.Exercise3UsingDifferentAppendersTest - This error message goes to error log file
2026-07-25 18:00:48.252 [main] INFO  c.c.s.Exercise3UsingDifferentAppendersTest - ? Error file appender test passed
]]></system-out>
  </testcase>
</testsuite>