<?xml version="1.0" encoding="UTF-8"?>
<testsuite xmlns:xsi="http://www.w3.org/2001/XMLSchema-instance" xsi:noNamespaceSchemaLocation="https://maven.apache.org/surefire/maven-surefire-plugin/xsd/surefire-test-report-3.0.xsd" version="3.0" name="com.cognizant.springtest.Exercise4IntegrationTest" time="1.935" tests="4" errors="0" skipped="0" failures="0">
  <properties>
[...]
</properties>
  <testcase name="testFindByName" classname="com.cognizant.springtest.Exercise4IntegrationTest" time="0.718">
    <system-out><![CDATA[2026-07-25T17:48:31.138+05:30  INFO 7084 --- [           main] t.c.s.AnnotationConfigContextLoaderUtils : Could not detect default configuration classes for test class [com.cognizant.springtest.Exercise4IntegrationTest]: Exercise4IntegrationTest does not declare any static, non-private, non-final, nested classes annotated with @Configuration.
2026-07-25T17:48:31.167+05:30  INFO 7084 --- [           main] .b.t.c.SpringBootTestContextBootstrapper : Found @SpringBootConfiguration com.cognizant.springtest.SpringTestApplication for test class com.cognizant.springtest.Exercise4IntegrationTest

  .   ____          _            __ _ _
 /\\ / ___'_ __ _ _(_)_ __  __ _ \ \ \ \
( ( )\___ | '_ | '_| | '_ \/ _` | \ \ \ \
 \\/  ___)| |_)| | | | | || (_| |  ) ) ) )
  '  |____| .__|_| |_|_| |_\__, | / / / /
 =========|_|==============|___/=/_/_/_/
 :: Spring Boot ::                (v3.1.2)

2026-07-25T17:48:31.252+05:30  INFO 7084 --- [           main] c.c.springtest.Exercise4IntegrationTest  : Starting Exercise4IntegrationTest using Java 17.0.12 with PID 7084 (started by sindh in C:\Users\sindh\Desktop\Cognizant Assignments.worktrees\agents-maven-project-setup-junit-mockito-slf4j\JUnit, Mockito and SLF4J\JUnit_Spring_Test)
2026-07-25T17:48:31.254+05:30  INFO 7084 --- [           main] c.c.springtest.Exercise4IntegrationTest  : The following 1 profile is active: "test"
2026-07-25T17:48:31.595+05:30  INFO 7084 --- [           main] .s.d.r.c.RepositoryConfigurationDelegate : Bootstrapping Spring Data JPA repositories in DEFAULT mode.
2026-07-25T17:48:31.623+05:30  INFO 7084 --- [           main] .s.d.r.c.RepositoryConfigurationDelegate : Finished Spring Data repository scanning in 26 ms. Found 1 JPA repository interfaces.
2026-07-25T17:48:31.653+05:30  INFO 7084 --- [           main] beddedDataSourceBeanFactoryPostProcessor : Replacing 'dataSource' DataSource bean with embedded version
2026-07-25T17:48:31.736+05:30  INFO 7084 --- [           main] o.s.j.d.e.EmbeddedDatabaseFactory        : Starting embedded database: url='jdbc:h2:mem:ac48edad-440c-464e-96b7-1b5e1fc7df32;DB_CLOSE_DELAY=-1;DB_CLOSE_ON_EXIT=false', username='sa'
2026-07-25T17:48:31.806+05:30  INFO 7084 --- [           main] o.hibernate.jpa.internal.util.LogHelper  : HHH000204: Processing PersistenceUnitInfo [name: default]
2026-07-25T17:48:31.832+05:30  INFO 7084 --- [           main] o.h.b.i.BytecodeProviderInitiator        : HHH000021: Bytecode provider name : bytebuddy
2026-07-25T17:48:31.832+05:30  INFO 7084 --- [           main] o.s.o.j.p.SpringPersistenceUnitInfo      : No LoadTimeWeaver setup: ignoring JPA class transformer
2026-07-25T17:48:31.856+05:30  INFO 7084 --- [           main] o.h.b.i.BytecodeProviderInitiator        : HHH000021: Bytecode provider name : bytebuddy
2026-07-25T17:48:31.947+05:30  INFO 7084 --- [           main] o.h.e.t.j.p.i.JtaPlatformInitiator       : HHH000490: Using JtaPlatform implementation: [org.hibernate.engine.transaction.jta.platform.internal.NoJtaPlatform]
Hibernate: drop table if exists users cascade 
Hibernate: create table users (id bigint generated by default as identity, name varchar(255) not null, primary key (id))
2026-07-25T17:48:31.954+05:30  INFO 7084 --- [           main] j.LocalContainerEntityManagerFactoryBean : Initialized JPA EntityManagerFactory for persistence unit 'default'
2026-07-25T17:48:32.071+05:30  INFO 7084 --- [           main] c.c.springtest.Exercise4IntegrationTest  : Started Exercise4IntegrationTest in 0.898 seconds (process running for 22.191)
2026-07-25T17:48:32.130+05:30  INFO 7084 --- [           main] c.c.springtest.Exercise4IntegrationTest  : === SETUP: Clear repository and prepare test data ===
Hibernate: select u1_0.id,u1_0.name from users u1_0
2026-07-25T17:48:32.586+05:30  INFO 7084 --- [           main] c.c.springtest.Exercise4IntegrationTest  : --- ARRANGE: Create and save multiple users ---
Hibernate: insert into users (name,id) values (?,default)
Hibernate: insert into users (name,id) values (?,default)
Hibernate: insert into users (name,id) values (?,default)
2026-07-25T17:48:32.689+05:30  INFO 7084 --- [           main] c.c.springtest.Exercise4IntegrationTest  : --- ACT: Find users by name ---
Hibernate: select u1_0.id,u1_0.name from users u1_0 where u1_0.name=?
Hibernate: select u1_0.id,u1_0.name from users u1_0 where u1_0.name=?
2026-07-25T17:48:32.775+05:30  INFO 7084 --- [           main] c.c.springtest.Exercise4IntegrationTest  : --- ASSERT: Verify results ---
2026-07-25T17:48:32.776+05:30  INFO 7084 --- [           main] c.c.springtest.Exercise4IntegrationTest  : ? Test passed
]]></system-out>
  </testcase>
  <testcase name="testUpdateUser" classname="com.cognizant.springtest.Exercise4IntegrationTest" time="0.138">
    <system-out><![CDATA[2026-07-25T17:48:32.806+05:30  INFO 7084 --- [           main] c.c.springtest.Exercise4IntegrationTest  : === SETUP: Clear repository and prepare test data ===
Hibernate: select u1_0.id,u1_0.name from users u1_0
2026-07-25T17:48:32.819+05:30  INFO 7084 --- [           main] c.c.springtest.Exercise4IntegrationTest  : --- ARRANGE: Create and save a user ---
Hibernate: insert into users (name,id) values (?,default)
2026-07-25T17:48:32.826+05:30  INFO 7084 --- [           main] c.c.springtest.Exercise4IntegrationTest  : --- ACT: Update user name ---
2026-07-25T17:48:32.927+05:30  INFO 7084 --- [           main] c.c.springtest.Exercise4IntegrationTest  : --- ASSERT: Verify update ---
2026-07-25T17:48:32.930+05:30  INFO 7084 --- [           main] c.c.springtest.Exercise4IntegrationTest  : ? Test passed
]]></system-out>
  </testcase>
  <testcase name="testSaveAndRetrieveUser" classname="com.cognizant.springtest.Exercise4IntegrationTest" time="0.032">
    <system-out><![CDATA[2026-07-25T17:48:32.961+05:30  INFO 7084 --- [           main] c.c.springtest.Exercise4IntegrationTest  : === SETUP: Clear repository and prepare test data ===
Hibernate: select u1_0.id,u1_0.name from users u1_0
2026-07-25T17:48:32.966+05:30  INFO 7084 --- [           main] c.c.springtest.Exercise4IntegrationTest  : --- ARRANGE: Create a new user ---
2026-07-25T17:48:32.966+05:30  INFO 7084 --- [           main] c.c.springtest.Exercise4IntegrationTest  : --- ACT: Save user to database ---
Hibernate: insert into users (name,id) values (?,default)
2026-07-25T17:48:32.968+05:30  INFO 7084 --- [           main] c.c.springtest.Exercise4IntegrationTest  : --- ASSERT: Verify user was saved ---
2026-07-25T17:48:32.969+05:30  INFO 7084 --- [           main] c.c.springtest.Exercise4IntegrationTest  : --- ACT: Retrieve user from database ---
2026-07-25T17:48:32.969+05:30  INFO 7084 --- [           main] c.c.springtest.Exercise4IntegrationTest  : --- ASSERT: Verify retrieval ---
2026-07-25T17:48:32.974+05:30  INFO 7084 --- [           main] c.c.springtest.Exercise4IntegrationTest  : ? Test passed
]]></system-out>
  </testcase>
  <testcase name="testDeleteUser" classname="com.cognizant.springtest.Exercise4IntegrationTest" time="0.082">
    <system-out><![CDATA[2026-07-25T17:48:33.007+05:30  INFO 7084 --- [           main] c.c.springtest.Exercise4IntegrationTest  : === SETUP: Clear repository and prepare test data ===
Hibernate: select u1_0.id,u1_0.name from users u1_0
2026-07-25T17:48:33.025+05:30  INFO 7084 --- [           main] c.c.springtest.Exercise4IntegrationTest  : --- ARRANGE: Create and save a user ---
Hibernate: insert into users (name,id) values (?,default)
2026-07-25T17:48:33.028+05:30  INFO 7084 --- [           main] c.c.springtest.Exercise4IntegrationTest  : --- ACT: Delete user ---
2026-07-25T17:48:33.057+05:30  INFO 7084 --- [           main] c.c.springtest.Exercise4IntegrationTest  : --- ASSERT: Verify deletion ---
2026-07-25T17:48:33.058+05:30  INFO 7084 --- [           main] c.c.springtest.Exercise4IntegrationTest  : ? Test passed
]]></system-out>
  </testcase>
</testsuite>