<?xml version="1.0" encoding="UTF-8"?>
<testsuite xmlns:xsi="http://www.w3.org/2001/XMLSchema-instance" xsi:noNamespaceSchemaLocation="https://maven.apache.org/surefire/maven-surefire-plugin/xsd/surefire-test-report-3.0.xsd" version="3.0" name="com.cognizant.springtest.Exercise5UserControllerPostTest" time="0.266" tests="4" errors="0" skipped="0" failures="0">
  <properties>
[...]
</properties>
  <testcase name="testUpdateUser" classname="com.cognizant.springtest.Exercise5UserControllerPostTest" time="0.153">
    <system-out><![CDATA[2026-07-25T17:48:33.079+05:30  INFO 7084 --- [           main] c.c.s.Exercise5UserControllerPostTest    : === SETUP: Initialize MockMvc and mocked UserService ===
2026-07-25T17:48:33.100+05:30  INFO 7084 --- [           main] o.s.mock.web.MockServletContext          : Initializing Spring TestDispatcherServlet ''
2026-07-25T17:48:33.101+05:30  INFO 7084 --- [           main] o.s.t.web.servlet.TestDispatcherServlet  : Initializing Servlet ''
2026-07-25T17:48:33.102+05:30  INFO 7084 --- [           main] o.s.t.web.servlet.TestDispatcherServlet  : Completed initialization in 1 ms
2026-07-25T17:48:33.102+05:30  INFO 7084 --- [           main] c.c.s.Exercise5UserControllerPostTest    : --- ARRANGE: Prepare updated user data ---
2026-07-25T17:48:33.103+05:30  INFO 7084 --- [           main] c.c.s.Exercise5UserControllerPostTest    : --- ACT: Send PUT request to /users/1 ---
2026-07-25T17:48:33.220+05:30  INFO 7084 --- [           main] c.c.s.controller.UserController          : PUT /users/1 - Updating user
2026-07-25T17:48:33.227+05:30  INFO 7084 --- [           main] c.c.s.Exercise5UserControllerPostTest    : --- ASSERT: Verify service was called ---
2026-07-25T17:48:33.228+05:30  INFO 7084 --- [           main] c.c.s.Exercise5UserControllerPostTest    : ? Test passed
]]></system-out>
  </testcase>
  <testcase name="testCreateMultipleUsers" classname="com.cognizant.springtest.Exercise5UserControllerPostTest" time="0.042">
    <system-out><![CDATA[2026-07-25T17:48:33.235+05:30  INFO 7084 --- [           main] c.c.s.Exercise5UserControllerPostTest    : === SETUP: Initialize MockMvc and mocked UserService ===
2026-07-25T17:48:33.250+05:30  INFO 7084 --- [           main] o.s.mock.web.MockServletContext          : Initializing Spring TestDispatcherServlet ''
2026-07-25T17:48:33.250+05:30  INFO 7084 --- [           main] o.s.t.web.servlet.TestDispatcherServlet  : Initializing Servlet ''
2026-07-25T17:48:33.250+05:30  INFO 7084 --- [           main] o.s.t.web.servlet.TestDispatcherServlet  : Completed initialization in 0 ms
2026-07-25T17:48:33.250+05:30  INFO 7084 --- [           main] c.c.s.Exercise5UserControllerPostTest    : --- ARRANGE: Prepare multiple users ---
2026-07-25T17:48:33.253+05:30  INFO 7084 --- [           main] c.c.s.Exercise5UserControllerPostTest    : --- ACT: POST first user ---
2026-07-25T17:48:33.261+05:30  INFO 7084 --- [           main] c.c.s.controller.UserController          : POST /users - Creating user: Alice
2026-07-25T17:48:33.266+05:30  INFO 7084 --- [           main] c.c.s.Exercise5UserControllerPostTest    : --- ACT: POST second user ---
2026-07-25T17:48:33.269+05:30  INFO 7084 --- [           main] c.c.s.controller.UserController          : POST /users - Creating user: Bob
2026-07-25T17:48:33.270+05:30  INFO 7084 --- [           main] c.c.s.Exercise5UserControllerPostTest    : --- ASSERT: Verify both saves ---
2026-07-25T17:48:33.272+05:30  INFO 7084 --- [           main] c.c.s.Exercise5UserControllerPostTest    : ? Test passed
]]></system-out>
  </testcase>
  <testcase name="testCreateUserEmptyName" classname="com.cognizant.springtest.Exercise5UserControllerPostTest" time="0.029">
    <system-out><![CDATA[2026-07-25T17:48:33.281+05:30  INFO 7084 --- [           main] c.c.s.Exercise5UserControllerPostTest    : === SETUP: Initialize MockMvc and mocked UserService ===
2026-07-25T17:48:33.293+05:30  INFO 7084 --- [           main] o.s.mock.web.MockServletContext          : Initializing Spring TestDispatcherServlet ''
2026-07-25T17:48:33.293+05:30  INFO 7084 --- [           main] o.s.t.web.servlet.TestDispatcherServlet  : Initializing Servlet ''
2026-07-25T17:48:33.293+05:30  INFO 7084 --- [           main] o.s.t.web.servlet.TestDispatcherServlet  : Completed initialization in 0 ms
2026-07-25T17:48:33.294+05:30  INFO 7084 --- [           main] c.c.s.Exercise5UserControllerPostTest    : --- ARRANGE: Create user with null name ---
2026-07-25T17:48:33.295+05:30  INFO 7084 --- [           main] c.c.s.Exercise5UserControllerPostTest    : --- ACT: Send POST request ---
2026-07-25T17:48:33.300+05:30  INFO 7084 --- [           main] c.c.s.controller.UserController          : POST /users - Creating user: null
2026-07-25T17:48:33.303+05:30  INFO 7084 --- [           main] c.c.s.Exercise5UserControllerPostTest    : --- ASSERT: Verify save was called ---
2026-07-25T17:48:33.305+05:30  INFO 7084 --- [           main] c.c.s.Exercise5UserControllerPostTest    : ? Test passed
]]></system-out>
  </testcase>
  <testcase name="testCreateUser" classname="com.cognizant.springtest.Exercise5UserControllerPostTest" time="0.029">
    <system-out><![CDATA[2026-07-25T17:48:33.312+05:30  INFO 7084 --- [           main] c.c.s.Exercise5UserControllerPostTest    : === SETUP: Initialize MockMvc and mocked UserService ===
2026-07-25T17:48:33.321+05:30  INFO 7084 --- [           main] o.s.mock.web.MockServletContext          : Initializing Spring TestDispatcherServlet ''
2026-07-25T17:48:33.322+05:30  INFO 7084 --- [           main] o.s.t.web.servlet.TestDispatcherServlet  : Initializing Servlet ''
2026-07-25T17:48:33.322+05:30  INFO 7084 --- [           main] o.s.t.web.servlet.TestDispatcherServlet  : Completed initialization in 0 ms
2026-07-25T17:48:33.323+05:30  INFO 7084 --- [           main] c.c.s.Exercise5UserControllerPostTest    : --- ARRANGE: Prepare user data ---
2026-07-25T17:48:33.324+05:30  INFO 7084 --- [           main] c.c.s.Exercise5UserControllerPostTest    : --- ACT: Send POST request to /users ---
2026-07-25T17:48:33.330+05:30  INFO 7084 --- [           main] c.c.s.controller.UserController          : POST /users - Creating user: John Doe
2026-07-25T17:48:33.334+05:30  INFO 7084 --- [           main] c.c.s.Exercise5UserControllerPostTest    : --- ASSERT: Verify service was called ---
2026-07-25T17:48:33.336+05:30  INFO 7084 --- [           main] c.c.s.Exercise5UserControllerPostTest    : ? Test passed
]]></system-out>
  </testcase>
</testsuite>