<?xml version="1.0" encoding="UTF-8"?>
<testsuite xmlns:xsi="http://www.w3.org/2001/XMLSchema-instance" xsi:noNamespaceSchemaLocation="https://maven.apache.org/surefire/maven-surefire-plugin/xsd/surefire-test-report-3.0.xsd" version="3.0" name="com.cognizant.springtest.Exercise10MockingServiceDependencyInControllerTest" time="3.78" tests="4" errors="0" skipped="0" failures="0">
  <properties>
[...]
</properties>
  <testcase name="testGetUserReturnsCorrectUserForDifferentIds" classname="com.cognizant.springtest.Exercise10MockingServiceDependencyInControllerTest" time="3.366">
    <system-out><![CDATA[17:48:11.914 [main] INFO com.cognizant.springtest.Exercise10MockingServiceDependencyInControllerTest -- === SETUP: Initialize MockMvc with mocked UserService ===
17:48:13.021 [main] INFO org.springframework.mock.web.MockServletContext -- Initializing Spring TestDispatcherServlet ''
17:48:13.023 [main] INFO org.springframework.test.web.servlet.TestDispatcherServlet -- Initializing Servlet ''
17:48:13.045 [main] INFO org.springframework.test.web.servlet.TestDispatcherServlet -- Completed initialization in 10 ms
17:48:13.048 [main] INFO com.cognizant.springtest.Exercise10MockingServiceDependencyInControllerTest -- ? MockMvc initialized
17:48:13.058 [main] INFO com.cognizant.springtest.Exercise10MockingServiceDependencyInControllerTest -- --- ARRANGE: Configure service mock for multiple IDs ---
17:48:13.196 [main] INFO com.cognizant.springtest.Exercise10MockingServiceDependencyInControllerTest -- --- ACT & ASSERT: Test user with ID 1 ---
17:48:13.477 [main] INFO com.cognizant.springtest.controller.UserController -- GET /users/1 - Fetching user
17:48:14.050 [main] INFO com.cognizant.springtest.Exercise10MockingServiceDependencyInControllerTest -- --- ACT & ASSERT: Test user with ID 2 ---
17:48:14.052 [main] INFO com.cognizant.springtest.controller.UserController -- GET /users/2 - Fetching user
17:48:14.058 [main] INFO com.cognizant.springtest.Exercise10MockingServiceDependencyInControllerTest -- --- VERIFY: Service was called twice with correct arguments ---
17:48:14.077 [main] INFO com.cognizant.springtest.Exercise10MockingServiceDependencyInControllerTest -- ? Test passed: Service correctly mocked for different IDs
]]></system-out>
    <system-err><![CDATA[SLF4J: Class path contains multiple SLF4J providers.
SLF4J: Found provider [ch.qos.logback.classic.spi.LogbackServiceProvider@15aab8c6]
SLF4J: Found provider [org.slf4j.simple.SimpleServiceProvider@33990a0c]
SLF4J: See https://www.slf4j.org/codes.html#multiple_bindings for an explanation.
SLF4J: Actual provider is of type [ch.qos.logback.classic.spi.LogbackServiceProvider@15aab8c6]
]]></system-err>
  </testcase>
  <testcase name="testGetUserReturnUserWhenServiceReturnsUser" classname="com.cognizant.springtest.Exercise10MockingServiceDependencyInControllerTest" time="0.116">
    <system-out><![CDATA[17:48:14.157 [main] INFO com.cognizant.springtest.Exercise10MockingServiceDependencyInControllerTest -- === SETUP: Initialize MockMvc with mocked UserService ===
17:48:14.208 [main] INFO org.springframework.mock.web.MockServletContext -- Initializing Spring TestDispatcherServlet ''
17:48:14.211 [main] INFO org.springframework.test.web.servlet.TestDispatcherServlet -- Initializing Servlet ''
17:48:14.212 [main] INFO org.springframework.test.web.servlet.TestDispatcherServlet -- Completed initialization in 1 ms
17:48:14.212 [main] INFO com.cognizant.springtest.Exercise10MockingServiceDependencyInControllerTest -- ? MockMvc initialized
17:48:14.213 [main] INFO com.cognizant.springtest.Exercise10MockingServiceDependencyInControllerTest -- --- ARRANGE: Create mock user and configure service mock ---
17:48:14.215 [main] INFO com.cognizant.springtest.Exercise10MockingServiceDependencyInControllerTest -- --- ACT: Send GET request to /users/1 ---
17:48:14.219 [main] INFO com.cognizant.springtest.controller.UserController -- GET /users/1 - Fetching user
17:48:14.237 [main] INFO com.cognizant.springtest.Exercise10MockingServiceDependencyInControllerTest -- --- ASSERT: Verify service was called with correct argument ---
17:48:14.239 [main] INFO com.cognizant.springtest.Exercise10MockingServiceDependencyInControllerTest -- ? Test passed: Service mock was invoked correctly
]]></system-out>
  </testcase>
  <testcase name="testVerifyServiceInteraction" classname="com.cognizant.springtest.Exercise10MockingServiceDependencyInControllerTest" time="0.086">
    <system-out><![CDATA[17:48:14.273 [main] INFO com.cognizant.springtest.Exercise10MockingServiceDependencyInControllerTest -- === SETUP: Initialize MockMvc with mocked UserService ===
17:48:14.314 [main] INFO org.springframework.mock.web.MockServletContext -- Initializing Spring TestDispatcherServlet ''
17:48:14.314 [main] INFO org.springframework.test.web.servlet.TestDispatcherServlet -- Initializing Servlet ''
17:48:14.315 [main] INFO org.springframework.test.web.servlet.TestDispatcherServlet -- Completed initialization in 1 ms
17:48:14.315 [main] INFO com.cognizant.springtest.Exercise10MockingServiceDependencyInControllerTest -- ? MockMvc initialized
17:48:14.315 [main] INFO com.cognizant.springtest.Exercise10MockingServiceDependencyInControllerTest -- --- ARRANGE: Configure service mock ---
17:48:14.317 [main] INFO com.cognizant.springtest.Exercise10MockingServiceDependencyInControllerTest -- --- ACT: Call the controller endpoint ---
17:48:14.320 [main] INFO com.cognizant.springtest.controller.UserController -- GET /users/5 - Fetching user
17:48:14.329 [main] INFO com.cognizant.springtest.Exercise10MockingServiceDependencyInControllerTest -- --- ASSERT: Verify that service.getUserById(5L) was called exactly once ---
17:48:14.331 [main] INFO com.cognizant.springtest.Exercise10MockingServiceDependencyInControllerTest -- ? Test passed: Service interaction verified
]]></system-out>
  </testcase>
  <testcase name="testGetUserReturns404WhenServiceReturnsNull" classname="com.cognizant.springtest.Exercise10MockingServiceDependencyInControllerTest" time="0.092">
    <system-out><![CDATA[17:48:14.359 [main] INFO com.cognizant.springtest.Exercise10MockingServiceDependencyInControllerTest -- === SETUP: Initialize MockMvc with mocked UserService ===
17:48:14.404 [main] INFO org.springframework.mock.web.MockServletContext -- Initializing Spring TestDispatcherServlet ''
17:48:14.404 [main] INFO org.springframework.test.web.servlet.TestDispatcherServlet -- Initializing Servlet ''
17:48:14.405 [main] INFO org.springframework.test.web.servlet.TestDispatcherServlet -- Completed initialization in 1 ms
17:48:14.406 [main] INFO com.cognizant.springtest.Exercise10MockingServiceDependencyInControllerTest -- ? MockMvc initialized
17:48:14.409 [main] INFO com.cognizant.springtest.Exercise10MockingServiceDependencyInControllerTest -- --- ARRANGE: Configure service mock to return null ---
17:48:14.410 [main] INFO com.cognizant.springtest.Exercise10MockingServiceDependencyInControllerTest -- --- ACT & ASSERT: Send GET request and verify 404 status ---
17:48:14.415 [main] INFO com.cognizant.springtest.controller.UserController -- GET /users/99 - Fetching user
17:48:14.423 [main] INFO com.cognizant.springtest.Exercise10MockingServiceDependencyInControllerTest -- --- VERIFY: Service was called ---
17:48:14.425 [main] INFO com.cognizant.springtest.Exercise10MockingServiceDependencyInControllerTest -- ? Test passed: 404 returned when user not found
]]></system-out>
  </testcase>
</testsuite>