<?xml version="1.0" encoding="UTF-8"?>
<testsuite xmlns:xsi="http://www.w3.org/2001/XMLSchema-instance" xsi:noNamespaceSchemaLocation="https://maven.apache.org/surefire/maven-surefire-plugin/xsd/surefire-test-report-3.0.xsd" version="3.0" name="com.cognizant.springtest.Exercise12MockingServiceDependencyInIntegrationTest" time="13.989" tests="6" errors="0" skipped="0" failures="0">
  <properties>
[...]
</properties>
  <testcase name="testFullSpringContextAvailableInIntegrationTest" classname="com.cognizant.springtest.Exercise12MockingServiceDependencyInIntegrationTest" time="0.178">
    <system-out><![CDATA[17:48:15.464 [main] INFO org.springframework.test.context.support.AnnotationConfigContextLoaderUtils -- Could not detect default configuration classes for test class [com.cognizant.springtest.Exercise12MockingServiceDependencyInIntegrationTest]: Exercise12MockingServiceDependencyInIntegrationTest does not declare any static, non-private, non-final, nested classes annotated with @Configuration.
17:48:15.939 [main] INFO org.springframework.boot.test.context.SpringBootTestContextBootstrapper -- Found @SpringBootConfiguration com.cognizant.springtest.SpringTestApplication for test class com.cognizant.springtest.Exercise12MockingServiceDependencyInIntegrationTest

  .   ____          _            __ _ _
 /\\ / ___'_ __ _ _(_)_ __  __ _ \ \ \ \
( ( )\___ | '_ | '_| | '_ \/ _` | \ \ \ \
 \\/  ___)| |_)| | | | | || (_| |  ) ) ) )
  '  |____| .__|_| |_|_| |_\__, | / / / /
 =========|_|==============|___/=/_/_/_/
 :: Spring Boot ::                (v3.1.2)

2026-07-25T17:48:17.026+05:30  INFO 7084 --- [           main] ockingServiceDependencyInIntegrationTest : Starting Exercise12MockingServiceDependencyInIntegrationTest using Java 17.0.12 with PID 7084 (started by sindh in C:\Users\sindh\Desktop\Cognizant Assignments.worktrees\agents-maven-project-setup-junit-mockito-slf4j\JUnit, Mockito and SLF4J\JUnit_Spring_Test)
2026-07-25T17:48:17.029+05:30  INFO 7084 --- [           main] ockingServiceDependencyInIntegrationTest : No active profile set, falling back to 1 default profile: "default"
2026-07-25T17:48:19.361+05:30  INFO 7084 --- [           main] .s.d.r.c.RepositoryConfigurationDelegate : Bootstrapping Spring Data JPA repositories in DEFAULT mode.
2026-07-25T17:48:19.614+05:30  INFO 7084 --- [           main] .s.d.r.c.RepositoryConfigurationDelegate : Finished Spring Data repository scanning in 222 ms. Found 1 JPA repository interfaces.
2026-07-25T17:48:21.685+05:30  INFO 7084 --- [           main] o.hibernate.jpa.internal.util.LogHelper  : HHH000204: Processing PersistenceUnitInfo [name: default]
2026-07-25T17:48:21.945+05:30  INFO 7084 --- [           main] org.hibernate.Version                    : HHH000412: Hibernate ORM core version 6.2.6.Final
2026-07-25T17:48:21.951+05:30  INFO 7084 --- [           main] org.hibernate.cfg.Environment            : HHH000406: Using bytecode reflection optimizer
2026-07-25T17:48:22.530+05:30  INFO 7084 --- [           main] o.h.b.i.BytecodeProviderInitiator        : HHH000021: Bytecode provider name : bytebuddy
2026-07-25T17:48:22.574+05:30  INFO 7084 --- [           main] o.s.o.j.p.SpringPersistenceUnitInfo      : No LoadTimeWeaver setup: ignoring JPA class transformer
2026-07-25T17:48:22.626+05:30  INFO 7084 --- [           main] com.zaxxer.hikari.HikariDataSource       : HikariPool-1 - Starting...
2026-07-25T17:48:23.180+05:30  INFO 7084 --- [           main] com.zaxxer.hikari.pool.HikariPool        : HikariPool-1 - Added connection conn0: url=jdbc:h2:mem:testdb user=SA
2026-07-25T17:48:23.187+05:30  INFO 7084 --- [           main] com.zaxxer.hikari.HikariDataSource       : HikariPool-1 - Start completed.
2026-07-25T17:48:23.817+05:30  INFO 7084 --- [           main] o.h.b.i.BytecodeProviderInitiator        : HHH000021: Bytecode provider name : bytebuddy
2026-07-25T17:48:25.196+05:30  INFO 7084 --- [           main] o.h.e.t.j.p.i.JtaPlatformInitiator       : HHH000490: Using JtaPlatform implementation: [org.hibernate.engine.transaction.jta.platform.internal.NoJtaPlatform]
2026-07-25T17:48:25.292+05:30  INFO 7084 --- [           main] j.LocalContainerEntityManagerFactoryBean : Initialized JPA EntityManagerFactory for persistence unit 'default'
2026-07-25T17:48:26.014+05:30  WARN 7084 --- [           main] JpaBaseConfiguration$JpaWebConfiguration : spring.jpa.open-in-view is enabled by default. Therefore, database queries may be performed during view rendering. Explicitly configure spring.jpa.open-in-view to disable this warning
2026-07-25T17:48:28.590+05:30  INFO 7084 --- [           main] o.s.b.a.h2.H2ConsoleAutoConfiguration    : H2 console available at '/h2-console'. Database available at 'jdbc:h2:mem:testdb'
2026-07-25T17:48:28.776+05:30  INFO 7084 --- [           main] o.s.b.t.m.w.SpringBootMockServletContext : Initializing Spring TestDispatcherServlet ''
2026-07-25T17:48:28.776+05:30  INFO 7084 --- [           main] o.s.t.web.servlet.TestDispatcherServlet  : Initializing Servlet ''
2026-07-25T17:48:28.780+05:30  INFO 7084 --- [           main] o.s.t.web.servlet.TestDispatcherServlet  : Completed initialization in 1 ms
2026-07-25T17:48:28.847+05:30  INFO 7084 --- [           main] ockingServiceDependencyInIntegrationTest : Started Exercise12MockingServiceDependencyInIntegrationTest in 12.652 seconds (process running for 18.968)
2026-07-25T17:48:28.927+05:30  INFO 7084 --- [           main] ockingServiceDependencyInIntegrationTest : === SETUP: Spring Boot context loaded with mocked UserService ===
2026-07-25T17:48:28.927+05:30  INFO 7084 --- [           main] ockingServiceDependencyInIntegrationTest : ? MockMvc configured, UserService mocked in Spring context
2026-07-25T17:48:28.930+05:30  INFO 7084 --- [           main] ockingServiceDependencyInIntegrationTest : --- DEMONSTRATE: Full Spring context loaded ---
2026-07-25T17:48:28.931+05:30  INFO 7084 --- [           main] ockingServiceDependencyInIntegrationTest : This test runs in full Spring Boot context:
2026-07-25T17:48:28.931+05:30  INFO 7084 --- [           main] ockingServiceDependencyInIntegrationTest : ? Application properties loaded
2026-07-25T17:48:28.931+05:30  INFO 7084 --- [           main] ockingServiceDependencyInIntegrationTest : ? Component scanning complete
2026-07-25T17:48:28.931+05:30  INFO 7084 --- [           main] ockingServiceDependencyInIntegrationTest : ? Auto-configuration applied
2026-07-25T17:48:28.932+05:30  INFO 7084 --- [           main] ockingServiceDependencyInIntegrationTest : ? All beans except mocked ones are real
2026-07-25T17:48:28.933+05:30  INFO 7084 --- [           main] ockingServiceDependencyInIntegrationTest : --- ARRANGE: Configure mock ---
2026-07-25T17:48:28.937+05:30  INFO 7084 --- [           main] ockingServiceDependencyInIntegrationTest : --- ACT: Test endpoint ---
2026-07-25T17:48:28.974+05:30  INFO 7084 --- [           main] c.c.s.controller.UserController          : GET /users/1 - Fetching user
2026-07-25T17:48:29.031+05:30  INFO 7084 --- [           main] ockingServiceDependencyInIntegrationTest : --- ASSERT: Full integration successful ---
2026-07-25T17:48:29.032+05:30  INFO 7084 --- [           main] ockingServiceDependencyInIntegrationTest : ? Test passed: Integration test demonstrates full Spring context
]]></system-out>
  </testcase>
  <testcase name="testGetUserReturns404WhenUserNotFoundInIntegratedContext" classname="com.cognizant.springtest.Exercise12MockingServiceDependencyInIntegrationTest" time="0.038">
    <system-out><![CDATA[2026-07-25T17:48:29.086+05:30  INFO 7084 --- [           main] ockingServiceDependencyInIntegrationTest : === SETUP: Spring Boot context loaded with mocked UserService ===
2026-07-25T17:48:29.086+05:30  INFO 7084 --- [           main] ockingServiceDependencyInIntegrationTest : ? MockMvc configured, UserService mocked in Spring context
2026-07-25T17:48:29.088+05:30  INFO 7084 --- [           main] ockingServiceDependencyInIntegrationTest : --- ARRANGE: Mock service to return null for missing user ---
2026-07-25T17:48:29.092+05:30  INFO 7084 --- [           main] ockingServiceDependencyInIntegrationTest : --- ACT: Send GET request for non-existent user ---
2026-07-25T17:48:29.094+05:30  INFO 7084 --- [           main] c.c.s.controller.UserController          : GET /users/999 - Fetching user
2026-07-25T17:48:29.103+05:30  INFO 7084 --- [           main] ockingServiceDependencyInIntegrationTest : --- VERIFY: Service was called ---
2026-07-25T17:48:29.108+05:30  INFO 7084 --- [           main] ockingServiceDependencyInIntegrationTest : ? Test passed: 404 returned for missing user
]]></system-out>
  </testcase>
  <testcase name="testMockBeanReplacesRealServiceInSpringContext" classname="com.cognizant.springtest.Exercise12MockingServiceDependencyInIntegrationTest" time="0.043">
    <system-out><![CDATA[2026-07-25T17:48:29.144+05:30  INFO 7084 --- [           main] ockingServiceDependencyInIntegrationTest : === SETUP: Spring Boot context loaded with mocked UserService ===
2026-07-25T17:48:29.144+05:30  INFO 7084 --- [           main] ockingServiceDependencyInIntegrationTest : ? MockMvc configured, UserService mocked in Spring context
2026-07-25T17:48:29.145+05:30  INFO 7084 --- [           main] ockingServiceDependencyInIntegrationTest : --- ARRANGE: Configure mock to return specific data ---
2026-07-25T17:48:29.146+05:30  INFO 7084 --- [           main] ockingServiceDependencyInIntegrationTest : --- ACT: Request the user ---
2026-07-25T17:48:29.147+05:30  INFO 7084 --- [           main] c.c.s.controller.UserController          : GET /users/100 - Fetching user
2026-07-25T17:48:29.153+05:30  INFO 7084 --- [           main] ockingServiceDependencyInIntegrationTest : --- ASSERT: Mocked service responds (not real service logic) ---
2026-07-25T17:48:29.154+05:30  INFO 7084 --- [           main] ockingServiceDependencyInIntegrationTest : ? Test passed: @MockBean successfully replaced real service
]]></system-out>
  </testcase>
  <testcase name="testGetUserReturnsUserInIntegratedContext" classname="com.cognizant.springtest.Exercise12MockingServiceDependencyInIntegrationTest" time="0.016">
    <system-out><![CDATA[2026-07-25T17:48:29.182+05:30  INFO 7084 --- [           main] ockingServiceDependencyInIntegrationTest : === SETUP: Spring Boot context loaded with mocked UserService ===
2026-07-25T17:48:29.182+05:30  INFO 7084 --- [           main] ockingServiceDependencyInIntegrationTest : ? MockMvc configured, UserService mocked in Spring context
2026-07-25T17:48:29.183+05:30  INFO 7084 --- [           main] ockingServiceDependencyInIntegrationTest : --- ARRANGE: Create mock user and configure mocked service ---
2026-07-25T17:48:29.184+05:30  INFO 7084 --- [           main] ockingServiceDependencyInIntegrationTest : --- ACT: Send GET request through MockMvc ---
2026-07-25T17:48:29.186+05:30  INFO 7084 --- [           main] c.c.s.controller.UserController          : GET /users/1 - Fetching user
2026-07-25T17:48:29.189+05:30  INFO 7084 --- [           main] ockingServiceDependencyInIntegrationTest : --- ASSERT: Verify mocked service was called ---
2026-07-25T17:48:29.190+05:30  INFO 7084 --- [           main] ockingServiceDependencyInIntegrationTest : ? Test passed: Service mock worked in integrated context
]]></system-out>
  </testcase>
  <testcase name="testGetUserReturnsDifferentUsersInIntegratedContext" classname="com.cognizant.springtest.Exercise12MockingServiceDependencyInIntegrationTest" time="0.029">
    <system-out><![CDATA[2026-07-25T17:48:29.209+05:30  INFO 7084 --- [           main] ockingServiceDependencyInIntegrationTest : === SETUP: Spring Boot context loaded with mocked UserService ===
2026-07-25T17:48:29.211+05:30  INFO 7084 --- [           main] ockingServiceDependencyInIntegrationTest : ? MockMvc configured, UserService mocked in Spring context
2026-07-25T17:48:29.212+05:30  INFO 7084 --- [           main] ockingServiceDependencyInIntegrationTest : --- ARRANGE: Configure service mock for two different users ---
2026-07-25T17:48:29.213+05:30  INFO 7084 --- [           main] ockingServiceDependencyInIntegrationTest : --- ACT: Request first user ---
2026-07-25T17:48:29.215+05:30  INFO 7084 --- [           main] c.c.s.controller.UserController          : GET /users/1 - Fetching user
2026-07-25T17:48:29.217+05:30  INFO 7084 --- [           main] ockingServiceDependencyInIntegrationTest : --- ACT: Request second user ---
2026-07-25T17:48:29.219+05:30  INFO 7084 --- [           main] c.c.s.controller.UserController          : GET /users/2 - Fetching user
2026-07-25T17:48:29.223+05:30  INFO 7084 --- [           main] ockingServiceDependencyInIntegrationTest : --- VERIFY: Service was called for both requests ---
2026-07-25T17:48:29.225+05:30  INFO 7084 --- [           main] ockingServiceDependencyInIntegrationTest : ? Test passed
]]></system-out>
  </testcase>
  <testcase name="testMockedServiceHandlesNullResponseInIntegrationTest" classname="com.cognizant.springtest.Exercise12MockingServiceDependencyInIntegrationTest" time="0.019">
    <system-out><![CDATA[2026-07-25T17:48:29.238+05:30  INFO 7084 --- [           main] ockingServiceDependencyInIntegrationTest : === SETUP: Spring Boot context loaded with mocked UserService ===
2026-07-25T17:48:29.239+05:30  INFO 7084 --- [           main] ockingServiceDependencyInIntegrationTest : ? MockMvc configured, UserService mocked in Spring context
2026-07-25T17:48:29.239+05:30  INFO 7084 --- [           main] ockingServiceDependencyInIntegrationTest : --- ARRANGE: Mock service to return null ---
2026-07-25T17:48:29.240+05:30  INFO 7084 --- [           main] ockingServiceDependencyInIntegrationTest : --- ACT: Request user ---
2026-07-25T17:48:29.242+05:30  INFO 7084 --- [           main] c.c.s.controller.UserController          : GET /users/50 - Fetching user
2026-07-25T17:48:29.245+05:30  INFO 7084 --- [           main] ockingServiceDependencyInIntegrationTest : --- VERIFY: Mock was invoked ---
2026-07-25T17:48:29.246+05:30  INFO 7084 --- [           main] ockingServiceDependencyInIntegrationTest : --- ASSERT: Integration test completed successfully ---
2026-07-25T17:48:29.246+05:30  INFO 7084 --- [           main] ockingServiceDependencyInIntegrationTest : ? Test passed: Mocked service handles edge cases in integration test
]]></system-out>
  </testcase>
</testsuite>