<?xml version="1.0" encoding="UTF-8"?>
<testsuite xmlns:xsi="http://www.w3.org/2001/XMLSchema-instance" xsi:noNamespaceSchemaLocation="https://maven.apache.org/surefire/maven-surefire-plugin/xsd/surefire-test-report-3.0.xsd" version="3.0" name="com.cognizant.springtest.Exercise9ParameterizedTest" time="0.544" tests="30" errors="0" skipped="0" failures="0">
  <properties>
[...]
</properties>
  <testcase name="testAddPositiveNumbers(int, int, int)[1]" classname="com.cognizant.springtest.Exercise9ParameterizedTest" time="0.084">
    <system-out><![CDATA[2026-07-25T17:48:33.727+05:30  INFO 7084 --- [           main] t.c.s.AnnotationConfigContextLoaderUtils : Could not detect default configuration classes for test class [com.cognizant.springtest.Exercise9ParameterizedTest]: Exercise9ParameterizedTest does not declare any static, non-private, non-final, nested classes annotated with @Configuration.
2026-07-25T17:48:33.733+05:30  INFO 7084 --- [           main] .b.t.c.SpringBootTestContextBootstrapper : Found @SpringBootConfiguration com.cognizant.springtest.SpringTestApplication for test class com.cognizant.springtest.Exercise9ParameterizedTest
2026-07-25T17:48:33.886+05:30  INFO 7084 --- [           main] c.c.s.Exercise9ParameterizedTest         : === SETUP: Initialize CalculatorService ===
2026-07-25T17:48:33.959+05:30  INFO 7084 --- [           main] c.c.s.Exercise9ParameterizedTest         : --- ARRANGE: Positive numbers: 1 + 2 = 3 ---
2026-07-25T17:48:33.959+05:30  INFO 7084 --- [           main] c.c.s.Exercise9ParameterizedTest         : --- ACT: Call add ---
2026-07-25T17:48:33.959+05:30  INFO 7084 --- [           main] c.c.s.service.CalculatorService          : Adding 1 and 2
2026-07-25T17:48:33.959+05:30  INFO 7084 --- [           main] c.c.s.Exercise9ParameterizedTest         : --- ASSERT: Verify result ---
2026-07-25T17:48:33.959+05:30  INFO 7084 --- [           main] c.c.s.Exercise9ParameterizedTest         : ? Parameterized test passed
]]></system-out>
  </testcase>
  <testcase name="testAddPositiveNumbers(int, int, int)[2]" classname="com.cognizant.springtest.Exercise9ParameterizedTest" time="0.008">
    <system-out><![CDATA[2026-07-25T17:48:33.973+05:30  INFO 7084 --- [           main] c.c.s.Exercise9ParameterizedTest         : === SETUP: Initialize CalculatorService ===
2026-07-25T17:48:33.974+05:30  INFO 7084 --- [           main] c.c.s.Exercise9ParameterizedTest         : --- ARRANGE: Positive numbers: 5 + 10 = 15 ---
2026-07-25T17:48:33.974+05:30  INFO 7084 --- [           main] c.c.s.Exercise9ParameterizedTest         : --- ACT: Call add ---
2026-07-25T17:48:33.975+05:30  INFO 7084 --- [           main] c.c.s.service.CalculatorService          : Adding 5 and 10
2026-07-25T17:48:33.975+05:30  INFO 7084 --- [           main] c.c.s.Exercise9ParameterizedTest         : --- ASSERT: Verify result ---
2026-07-25T17:48:33.975+05:30  INFO 7084 --- [           main] c.c.s.Exercise9ParameterizedTest         : ? Parameterized test passed
]]></system-out>
  </testcase>
  <testcase name="testAddPositiveNumbers(int, int, int)[3]" classname="com.cognizant.springtest.Exercise9ParameterizedTest" time="0.006">
    <system-out><![CDATA[2026-07-25T17:48:33.983+05:30  INFO 7084 --- [           main] c.c.s.Exercise9ParameterizedTest         : === SETUP: Initialize CalculatorService ===
2026-07-25T17:48:33.984+05:30  INFO 7084 --- [           main] c.c.s.Exercise9ParameterizedTest         : --- ARRANGE: Positive numbers: 100 + 200 = 300 ---
2026-07-25T17:48:33.985+05:30  INFO 7084 --- [           main] c.c.s.Exercise9ParameterizedTest         : --- ACT: Call add ---
2026-07-25T17:48:33.985+05:30  INFO 7084 --- [           main] c.c.s.service.CalculatorService          : Adding 100 and 200
2026-07-25T17:48:33.985+05:30  INFO 7084 --- [           main] c.c.s.Exercise9ParameterizedTest         : --- ASSERT: Verify result ---
2026-07-25T17:48:33.985+05:30  INFO 7084 --- [           main] c.c.s.Exercise9ParameterizedTest         : ? Parameterized test passed
]]></system-out>
  </testcase>
  <testcase name="testAddPositiveNumbers(int, int, int)[4]" classname="com.cognizant.springtest.Exercise9ParameterizedTest" time="0.007">
    <system-out><![CDATA[2026-07-25T17:48:33.993+05:30  INFO 7084 --- [           main] c.c.s.Exercise9ParameterizedTest         : === SETUP: Initialize CalculatorService ===
2026-07-25T17:48:33.994+05:30  INFO 7084 --- [           main] c.c.s.Exercise9ParameterizedTest         : --- ARRANGE: Positive numbers: 1000 + 2000 = 3000 ---
2026-07-25T17:48:33.994+05:30  INFO 7084 --- [           main] c.c.s.Exercise9ParameterizedTest         : --- ACT: Call add ---
2026-07-25T17:48:33.994+05:30  INFO 7084 --- [           main] c.c.s.service.CalculatorService          : Adding 1000 and 2000
2026-07-25T17:48:33.994+05:30  INFO 7084 --- [           main] c.c.s.Exercise9ParameterizedTest         : --- ASSERT: Verify result ---
2026-07-25T17:48:33.994+05:30  INFO 7084 --- [           main] c.c.s.Exercise9ParameterizedTest         : ? Parameterized test passed
]]></system-out>
  </testcase>
  <testcase name="testAddVariousCombinations(int, int, int)[1]" classname="com.cognizant.springtest.Exercise9ParameterizedTest" time="0.009">
    <system-out><![CDATA[2026-07-25T17:48:34.006+05:30  INFO 7084 --- [           main] c.c.s.Exercise9ParameterizedTest         : === SETUP: Initialize CalculatorService ===
2026-07-25T17:48:34.009+05:30  INFO 7084 --- [           main] c.c.s.Exercise9ParameterizedTest         : --- ARRANGE: Combination: 3 + 4 should equal 7 ---
2026-07-25T17:48:34.009+05:30  INFO 7084 --- [           main] c.c.s.Exercise9ParameterizedTest         : --- ACT: Call add ---
2026-07-25T17:48:34.009+05:30  INFO 7084 --- [           main] c.c.s.service.CalculatorService          : Adding 3 and 4
2026-07-25T17:48:34.009+05:30  INFO 7084 --- [           main] c.c.s.Exercise9ParameterizedTest         : --- ASSERT: Verify result ---
2026-07-25T17:48:34.009+05:30  INFO 7084 --- [           main] c.c.s.service.CalculatorService          : Adding 4 and 3
2026-07-25T17:48:34.010+05:30  INFO 7084 --- [           main] c.c.s.Exercise9ParameterizedTest         : ? Parameterized test passed
]]></system-out>
  </testcase>
  <testcase name="testAddVariousCombinations(int, int, int)[2]" classname="com.cognizant.springtest.Exercise9ParameterizedTest" time="0.009">
    <system-out><![CDATA[2026-07-25T17:48:34.020+05:30  INFO 7084 --- [           main] c.c.s.Exercise9ParameterizedTest         : === SETUP: Initialize CalculatorService ===
2026-07-25T17:48:34.022+05:30  INFO 7084 --- [           main] c.c.s.Exercise9ParameterizedTest         : --- ARRANGE: Combination: 5 + 5 should equal 10 ---
2026-07-25T17:48:34.022+05:30  INFO 7084 --- [           main] c.c.s.Exercise9ParameterizedTest         : --- ACT: Call add ---
2026-07-25T17:48:34.022+05:30  INFO 7084 --- [           main] c.c.s.service.CalculatorService          : Adding 5 and 5
2026-07-25T17:48:34.022+05:30  INFO 7084 --- [           main] c.c.s.Exercise9ParameterizedTest         : --- ASSERT: Verify result ---
2026-07-25T17:48:34.022+05:30  INFO 7084 --- [           main] c.c.s.service.CalculatorService          : Adding 5 and 5
2026-07-25T17:48:34.022+05:30  INFO 7084 --- [           main] c.c.s.Exercise9ParameterizedTest         : ? Parameterized test passed
]]></system-out>
  </testcase>
  <testcase name="testAddVariousCombinations(int, int, int)[3]" classname="com.cognizant.springtest.Exercise9ParameterizedTest" time="0.006">
    <system-out><![CDATA[2026-07-25T17:48:34.031+05:30  INFO 7084 --- [           main] c.c.s.Exercise9ParameterizedTest         : === SETUP: Initialize CalculatorService ===
2026-07-25T17:48:34.033+05:30  INFO 7084 --- [           main] c.c.s.Exercise9ParameterizedTest         : --- ARRANGE: Combination: 0 + 1 should equal 1 ---
2026-07-25T17:48:34.033+05:30  INFO 7084 --- [           main] c.c.s.Exercise9ParameterizedTest         : --- ACT: Call add ---
2026-07-25T17:48:34.033+05:30  INFO 7084 --- [           main] c.c.s.service.CalculatorService          : Adding 0 and 1
2026-07-25T17:48:34.033+05:30  INFO 7084 --- [           main] c.c.s.Exercise9ParameterizedTest         : --- ASSERT: Verify result ---
2026-07-25T17:48:34.033+05:30  INFO 7084 --- [           main] c.c.s.service.CalculatorService          : Adding 1 and 0
2026-07-25T17:48:34.033+05:30  INFO 7084 --- [           main] c.c.s.Exercise9ParameterizedTest         : ? Parameterized test passed
]]></system-out>
  </testcase>
  <testcase name="testAddVariousCombinations(int, int, int)[4]" classname="com.cognizant.springtest.Exercise9ParameterizedTest" time="0.012">
    <system-out><![CDATA[2026-07-25T17:48:34.043+05:30  INFO 7084 --- [           main] c.c.s.Exercise9ParameterizedTest         : === SETUP: Initialize CalculatorService ===
2026-07-25T17:48:34.046+05:30  INFO 7084 --- [           main] c.c.s.Exercise9ParameterizedTest         : --- ARRANGE: Combination: -1 + 1 should equal 0 ---
2026-07-25T17:48:34.046+05:30  INFO 7084 --- [           main] c.c.s.Exercise9ParameterizedTest         : --- ACT: Call add ---
2026-07-25T17:48:34.046+05:30  INFO 7084 --- [           main] c.c.s.service.CalculatorService          : Adding -1 and 1
2026-07-25T17:48:34.046+05:30  INFO 7084 --- [           main] c.c.s.Exercise9ParameterizedTest         : --- ASSERT: Verify result ---
2026-07-25T17:48:34.046+05:30  INFO 7084 --- [           main] c.c.s.service.CalculatorService          : Adding 1 and -1
2026-07-25T17:48:34.047+05:30  INFO 7084 --- [           main] c.c.s.Exercise9ParameterizedTest         : ? Parameterized test passed
]]></system-out>
  </testcase>
  <testcase name="testAddVariousCombinations(int, int, int)[5]" classname="com.cognizant.springtest.Exercise9ParameterizedTest" time="0.015">
    <system-out><![CDATA[2026-07-25T17:48:34.066+05:30  INFO 7084 --- [           main] c.c.s.Exercise9ParameterizedTest         : === SETUP: Initialize CalculatorService ===
2026-07-25T17:48:34.067+05:30  INFO 7084 --- [           main] c.c.s.Exercise9ParameterizedTest         : --- ARRANGE: Combination: 999 + 1 should equal 1000 ---
2026-07-25T17:48:34.068+05:30  INFO 7084 --- [           main] c.c.s.Exercise9ParameterizedTest         : --- ACT: Call add ---
2026-07-25T17:48:34.068+05:30  INFO 7084 --- [           main] c.c.s.service.CalculatorService          : Adding 999 and 1
2026-07-25T17:48:34.068+05:30  INFO 7084 --- [           main] c.c.s.Exercise9ParameterizedTest         : --- ASSERT: Verify result ---
2026-07-25T17:48:34.068+05:30  INFO 7084 --- [           main] c.c.s.service.CalculatorService          : Adding 1 and 999
2026-07-25T17:48:34.068+05:30  INFO 7084 --- [           main] c.c.s.Exercise9ParameterizedTest         : ? Parameterized test passed
]]></system-out>
  </testcase>
  <testcase name="testAddMultipleInputs(int, int, int)[1]" classname="com.cognizant.springtest.Exercise9ParameterizedTest" time="0.009">
    <system-out><![CDATA[2026-07-25T17:48:34.087+05:30  INFO 7084 --- [           main] c.c.s.Exercise9ParameterizedTest         : === SETUP: Initialize CalculatorService ===
2026-07-25T17:48:34.088+05:30  INFO 7084 --- [           main] c.c.s.Exercise9ParameterizedTest         : --- ARRANGE: Input values: a=1, b=2, expected=3 ---
2026-07-25T17:48:34.088+05:30  INFO 7084 --- [           main] c.c.s.Exercise9ParameterizedTest         : --- ACT: Call add(1, 2) ---
2026-07-25T17:48:34.088+05:30  INFO 7084 --- [           main] c.c.s.service.CalculatorService          : Adding 1 and 2
2026-07-25T17:48:34.088+05:30  INFO 7084 --- [           main] c.c.s.Exercise9ParameterizedTest         : --- ASSERT: Verify result is 3 ---
2026-07-25T17:48:34.088+05:30  INFO 7084 --- [           main] c.c.s.Exercise9ParameterizedTest         : ? Parameterized test passed
]]></system-out>
  </testcase>
  <testcase name="testAddMultipleInputs(int, int, int)[2]" classname="com.cognizant.springtest.Exercise9ParameterizedTest" time="0.007">
    <system-out><![CDATA[2026-07-25T17:48:34.098+05:30  INFO 7084 --- [           main] c.c.s.Exercise9ParameterizedTest         : === SETUP: Initialize CalculatorService ===
2026-07-25T17:48:34.099+05:30  INFO 7084 --- [           main] c.c.s.Exercise9ParameterizedTest         : --- ARRANGE: Input values: a=5, b=3, expected=8 ---
2026-07-25T17:48:34.099+05:30  INFO 7084 --- [           main] c.c.s.Exercise9ParameterizedTest         : --- ACT: Call add(5, 3) ---
2026-07-25T17:48:34.099+05:30  INFO 7084 --- [           main] c.c.s.service.CalculatorService          : Adding 5 and 3
2026-07-25T17:48:34.099+05:30  INFO 7084 --- [           main] c.c.s.Exercise9ParameterizedTest         : --- ASSERT: Verify result is 8 ---
2026-07-25T17:48:34.099+05:30  INFO 7084 --- [           main] c.c.s.Exercise9ParameterizedTest         : ? Parameterized test passed
]]></system-out>
  </testcase>
  <testcase name="testAddMultipleInputs(int, int, int)[3]" classname="com.cognizant.springtest.Exercise9ParameterizedTest" time="0.009">
    <system-out><![CDATA[2026-07-25T17:48:34.109+05:30  INFO 7084 --- [           main] c.c.s.Exercise9ParameterizedTest         : === SETUP: Initialize CalculatorService ===
2026-07-25T17:48:34.111+05:30  INFO 7084 --- [           main] c.c.s.Exercise9ParameterizedTest         : --- ARRANGE: Input values: a=0, b=0, expected=0 ---
2026-07-25T17:48:34.111+05:30  INFO 7084 --- [           main] c.c.s.Exercise9ParameterizedTest         : --- ACT: Call add(0, 0) ---
2026-07-25T17:48:34.111+05:30  INFO 7084 --- [           main] c.c.s.service.CalculatorService          : Adding 0 and 0
2026-07-25T17:48:34.111+05:30  INFO 7084 --- [           main] c.c.s.Exercise9ParameterizedTest         : --- ASSERT: Verify result is 0 ---
2026-07-25T17:48:34.111+05:30  INFO 7084 --- [           main] c.c.s.Exercise9ParameterizedTest         : ? Parameterized test passed
]]></system-out>
  </testcase>
  <testcase name="testAddMultipleInputs(int, int, int)[4]" classname="com.cognizant.springtest.Exercise9ParameterizedTest" time="0.006">
    <system-out><![CDATA[2026-07-25T17:48:34.119+05:30  INFO 7084 --- [           main] c.c.s.Exercise9ParameterizedTest         : === SETUP: Initialize CalculatorService ===
2026-07-25T17:48:34.120+05:30  INFO 7084 --- [           main] c.c.s.Exercise9ParameterizedTest         : --- ARRANGE: Input values: a=-5, b=-3, expected=-8 ---
2026-07-25T17:48:34.120+05:30  INFO 7084 --- [           main] c.c.s.Exercise9ParameterizedTest         : --- ACT: Call add(-5, -3) ---
2026-07-25T17:48:34.120+05:30  INFO 7084 --- [           main] c.c.s.service.CalculatorService          : Adding -5 and -3
2026-07-25T17:48:34.120+05:30  INFO 7084 --- [           main] c.c.s.Exercise9ParameterizedTest         : --- ASSERT: Verify result is -8 ---
2026-07-25T17:48:34.120+05:30  INFO 7084 --- [           main] c.c.s.Exercise9ParameterizedTest         : ? Parameterized test passed
]]></system-out>
  </testcase>
  <testcase name="testAddMultipleInputs(int, int, int)[5]" classname="com.cognizant.springtest.Exercise9ParameterizedTest" time="0.007">
    <system-out><![CDATA[2026-07-25T17:48:34.132+05:30  INFO 7084 --- [           main] c.c.s.Exercise9ParameterizedTest         : === SETUP: Initialize CalculatorService ===
2026-07-25T17:48:34.133+05:30  INFO 7084 --- [           main] c.c.s.Exercise9ParameterizedTest         : --- ARRANGE: Input values: a=10, b=-3, expected=7 ---
2026-07-25T17:48:34.133+05:30  INFO 7084 --- [           main] c.c.s.Exercise9ParameterizedTest         : --- ACT: Call add(10, -3) ---
2026-07-25T17:48:34.133+05:30  INFO 7084 --- [           main] c.c.s.service.CalculatorService          : Adding 10 and -3
2026-07-25T17:48:34.133+05:30  INFO 7084 --- [           main] c.c.s.Exercise9ParameterizedTest         : --- ASSERT: Verify result is 7 ---
2026-07-25T17:48:34.133+05:30  INFO 7084 --- [           main] c.c.s.Exercise9ParameterizedTest         : ? Parameterized test passed
]]></system-out>
  </testcase>
  <testcase name="testAddMultipleInputs(int, int, int)[6]" classname="com.cognizant.springtest.Exercise9ParameterizedTest" time="0.007">
    <system-out><![CDATA[2026-07-25T17:48:34.142+05:30  INFO 7084 --- [           main] c.c.s.Exercise9ParameterizedTest         : === SETUP: Initialize CalculatorService ===
2026-07-25T17:48:34.144+05:30  INFO 7084 --- [           main] c.c.s.Exercise9ParameterizedTest         : --- ARRANGE: Input values: a=100, b=200, expected=300 ---
2026-07-25T17:48:34.144+05:30  INFO 7084 --- [           main] c.c.s.Exercise9ParameterizedTest         : --- ACT: Call add(100, 200) ---
2026-07-25T17:48:34.144+05:30  INFO 7084 --- [           main] c.c.s.service.CalculatorService          : Adding 100 and 200
2026-07-25T17:48:34.144+05:30  INFO 7084 --- [           main] c.c.s.Exercise9ParameterizedTest         : --- ASSERT: Verify result is 300 ---
2026-07-25T17:48:34.144+05:30  INFO 7084 --- [           main] c.c.s.Exercise9ParameterizedTest         : ? Parameterized test passed
]]></system-out>
  </testcase>
  <testcase name="testAddEdgeCases(int, int, int)[1]" classname="com.cognizant.springtest.Exercise9ParameterizedTest" time="0.008">
    <system-out><![CDATA[2026-07-25T17:48:34.156+05:30  INFO 7084 --- [           main] c.c.s.Exercise9ParameterizedTest         : === SETUP: Initialize CalculatorService ===
2026-07-25T17:48:34.158+05:30  INFO 7084 --- [           main] c.c.s.Exercise9ParameterizedTest         : --- ARRANGE: Edge case: 0 + 0 = 0 ---
2026-07-25T17:48:34.158+05:30  INFO 7084 --- [           main] c.c.s.Exercise9ParameterizedTest         : --- ACT: Call add ---
2026-07-25T17:48:34.158+05:30  INFO 7084 --- [           main] c.c.s.service.CalculatorService          : Adding 0 and 0
2026-07-25T17:48:34.158+05:30  INFO 7084 --- [           main] c.c.s.Exercise9ParameterizedTest         : --- ASSERT: Verify result ---
2026-07-25T17:48:34.158+05:30  INFO 7084 --- [           main] c.c.s.Exercise9ParameterizedTest         : ? Parameterized test passed
]]></system-out>
  </testcase>
  <testcase name="testAddEdgeCases(int, int, int)[2]" classname="com.cognizant.springtest.Exercise9ParameterizedTest" time="0.005">
    <system-out><![CDATA[2026-07-25T17:48:34.165+05:30  INFO 7084 --- [           main] c.c.s.Exercise9ParameterizedTest         : === SETUP: Initialize CalculatorService ===
2026-07-25T17:48:34.166+05:30  INFO 7084 --- [           main] c.c.s.Exercise9ParameterizedTest         : --- ARRANGE: Edge case: -1 + -1 = -2 ---
2026-07-25T17:48:34.166+05:30  INFO 7084 --- [           main] c.c.s.Exercise9ParameterizedTest         : --- ACT: Call add ---
2026-07-25T17:48:34.166+05:30  INFO 7084 --- [           main] c.c.s.service.CalculatorService          : Adding -1 and -1
2026-07-25T17:48:34.166+05:30  INFO 7084 --- [           main] c.c.s.Exercise9ParameterizedTest         : --- ASSERT: Verify result ---
2026-07-25T17:48:34.166+05:30  INFO 7084 --- [           main] c.c.s.Exercise9ParameterizedTest         : ? Parameterized test passed
]]></system-out>
  </testcase>
  <testcase name="testAddEdgeCases(int, int, int)[3]" classname="com.cognizant.springtest.Exercise9ParameterizedTest" time="0.005">
    <system-out><![CDATA[2026-07-25T17:48:34.171+05:30  INFO 7084 --- [           main] c.c.s.Exercise9ParameterizedTest         : === SETUP: Initialize CalculatorService ===
2026-07-25T17:48:34.172+05:30  INFO 7084 --- [           main] c.c.s.Exercise9ParameterizedTest         : --- ARRANGE: Edge case: 2147483647 + -1 = 2147483646 ---
2026-07-25T17:48:34.172+05:30  INFO 7084 --- [           main] c.c.s.Exercise9ParameterizedTest         : --- ACT: Call add ---
2026-07-25T17:48:34.172+05:30  INFO 7084 --- [           main] c.c.s.service.CalculatorService          : Adding 2147483647 and -1
2026-07-25T17:48:34.172+05:30  INFO 7084 --- [           main] c.c.s.Exercise9ParameterizedTest         : --- ASSERT: Verify result ---
2026-07-25T17:48:34.172+05:30  INFO 7084 --- [           main] c.c.s.Exercise9ParameterizedTest         : ? Parameterized test passed
]]></system-out>
  </testcase>
  <testcase name="testAddEdgeCases(int, int, int)[4]" classname="com.cognizant.springtest.Exercise9ParameterizedTest" time="0.006">
    <system-out><![CDATA[2026-07-25T17:48:34.178+05:30  INFO 7084 --- [           main] c.c.s.Exercise9ParameterizedTest         : === SETUP: Initialize CalculatorService ===
2026-07-25T17:48:34.180+05:30  INFO 7084 --- [           main] c.c.s.Exercise9ParameterizedTest         : --- ARRANGE: Edge case: -2147483648 + 1 = -2147483647 ---
2026-07-25T17:48:34.180+05:30  INFO 7084 --- [           main] c.c.s.Exercise9ParameterizedTest         : --- ACT: Call add ---
2026-07-25T17:48:34.180+05:30  INFO 7084 --- [           main] c.c.s.service.CalculatorService          : Adding -2147483648 and 1
2026-07-25T17:48:34.180+05:30  INFO 7084 --- [           main] c.c.s.Exercise9ParameterizedTest         : --- ASSERT: Verify result ---
2026-07-25T17:48:34.180+05:30  INFO 7084 --- [           main] c.c.s.Exercise9ParameterizedTest         : ? Parameterized test passed
]]></system-out>
  </testcase>
  <testcase name="testAddRangeOfValues(int)[1]" classname="com.cognizant.springtest.Exercise9ParameterizedTest" time="0.005">
    <system-out><![CDATA[2026-07-25T17:48:34.190+05:30  INFO 7084 --- [           main] c.c.s.Exercise9ParameterizedTest         : === SETUP: Initialize CalculatorService ===
2026-07-25T17:48:34.191+05:30  INFO 7084 --- [           main] c.c.s.Exercise9ParameterizedTest         : --- ARRANGE: Value from range: -50 ---
2026-07-25T17:48:34.191+05:30  INFO 7084 --- [           main] c.c.s.Exercise9ParameterizedTest         : --- ACT: Call add(-50, -50) ---
2026-07-25T17:48:34.191+05:30  INFO 7084 --- [           main] c.c.s.service.CalculatorService          : Adding -50 and -50
2026-07-25T17:48:34.191+05:30  INFO 7084 --- [           main] c.c.s.Exercise9ParameterizedTest         : --- ASSERT: Verify result is double ---
2026-07-25T17:48:34.191+05:30  INFO 7084 --- [           main] c.c.s.Exercise9ParameterizedTest         : ? Parameterized test passed
]]></system-out>
  </testcase>
  <testcase name="testAddRangeOfValues(int)[2]" classname="com.cognizant.springtest.Exercise9ParameterizedTest" time="0.005">
    <system-out><![CDATA[2026-07-25T17:48:34.198+05:30  INFO 7084 --- [           main] c.c.s.Exercise9ParameterizedTest         : === SETUP: Initialize CalculatorService ===
2026-07-25T17:48:34.199+05:30  INFO 7084 --- [           main] c.c.s.Exercise9ParameterizedTest         : --- ARRANGE: Value from range: -25 ---
2026-07-25T17:48:34.199+05:30  INFO 7084 --- [           main] c.c.s.Exercise9ParameterizedTest         : --- ACT: Call add(-25, -25) ---
2026-07-25T17:48:34.199+05:30  INFO 7084 --- [           main] c.c.s.service.CalculatorService          : Adding -25 and -25
2026-07-25T17:48:34.199+05:30  INFO 7084 --- [           main] c.c.s.Exercise9ParameterizedTest         : --- ASSERT: Verify result is double ---
2026-07-25T17:48:34.199+05:30  INFO 7084 --- [           main] c.c.s.Exercise9ParameterizedTest         : ? Parameterized test passed
]]></system-out>
  </testcase>
  <testcase name="testAddRangeOfValues(int)[3]" classname="com.cognizant.springtest.Exercise9ParameterizedTest" time="0.005">
    <system-out><![CDATA[2026-07-25T17:48:34.205+05:30  INFO 7084 --- [           main] c.c.s.Exercise9ParameterizedTest         : === SETUP: Initialize CalculatorService ===
2026-07-25T17:48:34.206+05:30  INFO 7084 --- [           main] c.c.s.Exercise9ParameterizedTest         : --- ARRANGE: Value from range: 0 ---
2026-07-25T17:48:34.206+05:30  INFO 7084 --- [           main] c.c.s.Exercise9ParameterizedTest         : --- ACT: Call add(0, 0) ---
2026-07-25T17:48:34.206+05:30  INFO 7084 --- [           main] c.c.s.service.CalculatorService          : Adding 0 and 0
2026-07-25T17:48:34.206+05:30  INFO 7084 --- [           main] c.c.s.Exercise9ParameterizedTest         : --- ASSERT: Verify result is double ---
2026-07-25T17:48:34.206+05:30  INFO 7084 --- [           main] c.c.s.Exercise9ParameterizedTest         : ? Parameterized test passed
]]></system-out>
  </testcase>
  <testcase name="testAddRangeOfValues(int)[4]" classname="com.cognizant.springtest.Exercise9ParameterizedTest" time="0.004">
    <system-out><![CDATA[2026-07-25T17:48:34.212+05:30  INFO 7084 --- [           main] c.c.s.Exercise9ParameterizedTest         : === SETUP: Initialize CalculatorService ===
2026-07-25T17:48:34.212+05:30  INFO 7084 --- [           main] c.c.s.Exercise9ParameterizedTest         : --- ARRANGE: Value from range: 25 ---
2026-07-25T17:48:34.212+05:30  INFO 7084 --- [           main] c.c.s.Exercise9ParameterizedTest         : --- ACT: Call add(25, 25) ---
2026-07-25T17:48:34.212+05:30  INFO 7084 --- [           main] c.c.s.service.CalculatorService          : Adding 25 and 25
2026-07-25T17:48:34.212+05:30  INFO 7084 --- [           main] c.c.s.Exercise9ParameterizedTest         : --- ASSERT: Verify result is double ---
2026-07-25T17:48:34.212+05:30  INFO 7084 --- [           main] c.c.s.Exercise9ParameterizedTest         : ? Parameterized test passed
]]></system-out>
  </testcase>
  <testcase name="testAddRangeOfValues(int)[5]" classname="com.cognizant.springtest.Exercise9ParameterizedTest" time="0.005">
    <system-out><![CDATA[2026-07-25T17:48:34.217+05:30  INFO 7084 --- [           main] c.c.s.Exercise9ParameterizedTest         : === SETUP: Initialize CalculatorService ===
2026-07-25T17:48:34.218+05:30  INFO 7084 --- [           main] c.c.s.Exercise9ParameterizedTest         : --- ARRANGE: Value from range: 50 ---
2026-07-25T17:48:34.218+05:30  INFO 7084 --- [           main] c.c.s.Exercise9ParameterizedTest         : --- ACT: Call add(50, 50) ---
2026-07-25T17:48:34.218+05:30  INFO 7084 --- [           main] c.c.s.service.CalculatorService          : Adding 50 and 50
2026-07-25T17:48:34.219+05:30  INFO 7084 --- [           main] c.c.s.Exercise9ParameterizedTest         : --- ASSERT: Verify result is double ---
2026-07-25T17:48:34.219+05:30  INFO 7084 --- [           main] c.c.s.Exercise9ParameterizedTest         : ? Parameterized test passed
]]></system-out>
  </testcase>
  <testcase name="testAddRangeOfValues(int)[6]" classname="com.cognizant.springtest.Exercise9ParameterizedTest" time="0.005">
    <system-out><![CDATA[2026-07-25T17:48:34.224+05:30  INFO 7084 --- [           main] c.c.s.Exercise9ParameterizedTest         : === SETUP: Initialize CalculatorService ===
2026-07-25T17:48:34.224+05:30  INFO 7084 --- [           main] c.c.s.Exercise9ParameterizedTest         : --- ARRANGE: Value from range: 100 ---
2026-07-25T17:48:34.224+05:30  INFO 7084 --- [           main] c.c.s.Exercise9ParameterizedTest         : --- ACT: Call add(100, 100) ---
2026-07-25T17:48:34.224+05:30  INFO 7084 --- [           main] c.c.s.service.CalculatorService          : Adding 100 and 100
2026-07-25T17:48:34.225+05:30  INFO 7084 --- [           main] c.c.s.Exercise9ParameterizedTest         : --- ASSERT: Verify result is double ---
2026-07-25T17:48:34.225+05:30  INFO 7084 --- [           main] c.c.s.Exercise9ParameterizedTest         : ? Parameterized test passed
]]></system-out>
  </testcase>
  <testcase name="testAddWithZero(int)[1]" classname="com.cognizant.springtest.Exercise9ParameterizedTest" time="0.005">
    <system-out><![CDATA[2026-07-25T17:48:34.233+05:30  INFO 7084 --- [           main] c.c.s.Exercise9ParameterizedTest         : === SETUP: Initialize CalculatorService ===
2026-07-25T17:48:34.234+05:30  INFO 7084 --- [           main] c.c.s.Exercise9ParameterizedTest         : --- ARRANGE: Input value: 1 ---
2026-07-25T17:48:34.234+05:30  INFO 7084 --- [           main] c.c.s.Exercise9ParameterizedTest         : --- ACT: Call add(1, 0) ---
2026-07-25T17:48:34.234+05:30  INFO 7084 --- [           main] c.c.s.service.CalculatorService          : Adding 1 and 0
2026-07-25T17:48:34.234+05:30  INFO 7084 --- [           main] c.c.s.Exercise9ParameterizedTest         : --- ASSERT: Verify result is 1 ---
2026-07-25T17:48:34.234+05:30  INFO 7084 --- [           main] c.c.s.Exercise9ParameterizedTest         : ? Parameterized test passed
]]></system-out>
  </testcase>
  <testcase name="testAddWithZero(int)[2]" classname="com.cognizant.springtest.Exercise9ParameterizedTest" time="0.005">
    <system-out><![CDATA[2026-07-25T17:48:34.240+05:30  INFO 7084 --- [           main] c.c.s.Exercise9ParameterizedTest         : === SETUP: Initialize CalculatorService ===
2026-07-25T17:48:34.241+05:30  INFO 7084 --- [           main] c.c.s.Exercise9ParameterizedTest         : --- ARRANGE: Input value: 2 ---
2026-07-25T17:48:34.241+05:30  INFO 7084 --- [           main] c.c.s.Exercise9ParameterizedTest         : --- ACT: Call add(2, 0) ---
2026-07-25T17:48:34.241+05:30  INFO 7084 --- [           main] c.c.s.service.CalculatorService          : Adding 2 and 0
2026-07-25T17:48:34.241+05:30  INFO 7084 --- [           main] c.c.s.Exercise9ParameterizedTest         : --- ASSERT: Verify result is 2 ---
2026-07-25T17:48:34.241+05:30  INFO 7084 --- [           main] c.c.s.Exercise9ParameterizedTest         : ? Parameterized test passed
]]></system-out>
  </testcase>
  <testcase name="testAddWithZero(int)[3]" classname="com.cognizant.springtest.Exercise9ParameterizedTest" time="0.004">
    <system-out><![CDATA[2026-07-25T17:48:34.248+05:30  INFO 7084 --- [           main] c.c.s.Exercise9ParameterizedTest         : === SETUP: Initialize CalculatorService ===
2026-07-25T17:48:34.248+05:30  INFO 7084 --- [           main] c.c.s.Exercise9ParameterizedTest         : --- ARRANGE: Input value: 5 ---
2026-07-25T17:48:34.248+05:30  INFO 7084 --- [           main] c.c.s.Exercise9ParameterizedTest         : --- ACT: Call add(5, 0) ---
2026-07-25T17:48:34.248+05:30  INFO 7084 --- [           main] c.c.s.service.CalculatorService          : Adding 5 and 0
2026-07-25T17:48:34.248+05:30  INFO 7084 --- [           main] c.c.s.Exercise9ParameterizedTest         : --- ASSERT: Verify result is 5 ---
2026-07-25T17:48:34.249+05:30  INFO 7084 --- [           main] c.c.s.Exercise9ParameterizedTest         : ? Parameterized test passed
]]></system-out>
  </testcase>
  <testcase name="testAddWithZero(int)[4]" classname="com.cognizant.springtest.Exercise9ParameterizedTest" time="0.005">
    <system-out><![CDATA[2026-07-25T17:48:34.256+05:30  INFO 7084 --- [           main] c.c.s.Exercise9ParameterizedTest         : === SETUP: Initialize CalculatorService ===
2026-07-25T17:48:34.257+05:30  INFO 7084 --- [           main] c.c.s.Exercise9ParameterizedTest         : --- ARRANGE: Input value: 10 ---
2026-07-25T17:48:34.257+05:30  INFO 7084 --- [           main] c.c.s.Exercise9ParameterizedTest         : --- ACT: Call add(10, 0) ---
2026-07-25T17:48:34.257+05:30  INFO 7084 --- [           main] c.c.s.service.CalculatorService          : Adding 10 and 0
2026-07-25T17:48:34.257+05:30  INFO 7084 --- [           main] c.c.s.Exercise9ParameterizedTest         : --- ASSERT: Verify result is 10 ---
2026-07-25T17:48:34.257+05:30  INFO 7084 --- [           main] c.c.s.Exercise9ParameterizedTest         : ? Parameterized test passed
]]></system-out>
  </testcase>
  <testcase name="testAddWithZero(int)[5]" classname="com.cognizant.springtest.Exercise9ParameterizedTest" time="0.005">
    <system-out><![CDATA[2026-07-25T17:48:34.263+05:30  INFO 7084 --- [           main] c.c.s.Exercise9ParameterizedTest         : === SETUP: Initialize CalculatorService ===
2026-07-25T17:48:34.264+05:30  INFO 7084 --- [           main] c.c.s.Exercise9ParameterizedTest         : --- ARRANGE: Input value: 100 ---
2026-07-25T17:48:34.264+05:30  INFO 7084 --- [           main] c.c.s.Exercise9ParameterizedTest         : --- ACT: Call add(100, 0) ---
2026-07-25T17:48:34.264+05:30  INFO 7084 --- [           main] c.c.s.service.CalculatorService          : Adding 100 and 0
2026-07-25T17:48:34.264+05:30  INFO 7084 --- [           main] c.c.s.Exercise9ParameterizedTest         : --- ASSERT: Verify result is 100 ---
2026-07-25T17:48:34.264+05:30  INFO 7084 --- [           main] c.c.s.Exercise9ParameterizedTest         : ? Parameterized test passed
]]></system-out>
  </testcase>
</testsuite>