<?xml version="1.0" encoding="UTF-8"?>
<testsuite xmlns:xsi="http://www.w3.org/2001/XMLSchema-instance" xsi:noNamespaceSchemaLocation="https://maven.apache.org/surefire/maven-surefire-plugin/xsd/surefire-test-report-3.0.xsd" version="3.0" name="com.cognizant.mockitoadvanced.Exercise2RestClientMockingTest" time="0.147" tests="7" errors="0" skipped="0" failures="0">
  <properties>
[...]
</properties>
  <testcase name="testServiceWithMockRestClient" classname="com.cognizant.mockitoadvanced.Exercise2RestClientMockingTest" time="0.087">
    <system-err><![CDATA[[main] INFO com.cognizant.mockitoadvanced.Exercise2RestClientMockingTest - === SETUP: Initialize ApiService with mocked RestClient ===
[main] INFO com.cognizant.mockitoadvanced.Exercise2RestClientMockingTest - --- ARRANGE: Stub REST client ---
[main] INFO com.cognizant.mockitoadvanced.Exercise2RestClientMockingTest - --- ACT: Call apiService.fetchData() ---
[main] INFO com.cognizant.mockitoadvanced.ApiService - Fetching data from REST API
[main] INFO com.cognizant.mockitoadvanced.ApiService - API Response: Fetched Mock Response
[main] INFO com.cognizant.mockitoadvanced.Exercise2RestClientMockingTest - --- ASSERT: Verify result ---
[main] INFO com.cognizant.mockitoadvanced.Exercise2RestClientMockingTest - ✓ Test passed
]]></system-err>
  </testcase>
  <testcase name="testUpdateData" classname="com.cognizant.mockitoadvanced.Exercise2RestClientMockingTest" time="0.007">
    <system-err><![CDATA[[main] INFO com.cognizant.mockitoadvanced.Exercise2RestClientMockingTest - === SETUP: Initialize ApiService with mocked RestClient ===
[main] INFO com.cognizant.mockitoadvanced.Exercise2RestClientMockingTest - --- ARRANGE: Stub REST client ---
[main] INFO com.cognizant.mockitoadvanced.Exercise2RestClientMockingTest - --- ACT: Call apiService.updateData() ---
[main] INFO com.cognizant.mockitoadvanced.ApiService - Updating data ID 1 with: Updated Data
[main] INFO com.cognizant.mockitoadvanced.Exercise2RestClientMockingTest - --- ASSERT: Verify result ---
[main] INFO com.cognizant.mockitoadvanced.Exercise2RestClientMockingTest - ✓ Test passed
]]></system-err>
  </testcase>
  <testcase name="testNullApiResponse" classname="com.cognizant.mockitoadvanced.Exercise2RestClientMockingTest" time="0.007">
    <system-err><![CDATA[[main] INFO com.cognizant.mockitoadvanced.Exercise2RestClientMockingTest - === SETUP: Initialize ApiService with mocked RestClient ===
[main] INFO com.cognizant.mockitoadvanced.Exercise2RestClientMockingTest - --- ARRANGE: Stub REST client to return null ---
[main] INFO com.cognizant.mockitoadvanced.Exercise2RestClientMockingTest - --- ACT: Call apiService.fetchData() ---
[main] INFO com.cognizant.mockitoadvanced.ApiService - Fetching data from REST API
[main] INFO com.cognizant.mockitoadvanced.Exercise2RestClientMockingTest - --- ASSERT: Verify null handling ---
[main] INFO com.cognizant.mockitoadvanced.Exercise2RestClientMockingTest - ✓ Test passed
]]></system-err>
  </testcase>
  <testcase name="testFetchDataById" classname="com.cognizant.mockitoadvanced.Exercise2RestClientMockingTest" time="0.005">
    <system-err><![CDATA[[main] INFO com.cognizant.mockitoadvanced.Exercise2RestClientMockingTest - === SETUP: Initialize ApiService with mocked RestClient ===
[main] INFO com.cognizant.mockitoadvanced.Exercise2RestClientMockingTest - --- ARRANGE: Stub REST client ---
[main] INFO com.cognizant.mockitoadvanced.Exercise2RestClientMockingTest - --- ACT: Call apiService.fetchDataById(123) ---
[main] INFO com.cognizant.mockitoadvanced.ApiService - Fetching data by ID: 123 from API
[main] INFO com.cognizant.mockitoadvanced.Exercise2RestClientMockingTest - --- ASSERT: Verify result ---
[main] INFO com.cognizant.mockitoadvanced.Exercise2RestClientMockingTest - ✓ Test passed
]]></system-err>
  </testcase>
  <testcase name="testDeleteResource" classname="com.cognizant.mockitoadvanced.Exercise2RestClientMockingTest" time="0.005">
    <system-err><![CDATA[[main] INFO com.cognizant.mockitoadvanced.Exercise2RestClientMockingTest - === SETUP: Initialize ApiService with mocked RestClient ===
[main] INFO com.cognizant.mockitoadvanced.Exercise2RestClientMockingTest - --- ARRANGE: Stub REST client ---
[main] INFO com.cognizant.mockitoadvanced.Exercise2RestClientMockingTest - --- ACT: Call apiService.deleteResource() ---
[main] INFO com.cognizant.mockitoadvanced.ApiService - Deleting resource ID: 1
[main] INFO com.cognizant.mockitoadvanced.Exercise2RestClientMockingTest - --- ASSERT: Verify result ---
[main] INFO com.cognizant.mockitoadvanced.Exercise2RestClientMockingTest - ✓ Test passed
]]></system-err>
  </testcase>
  <testcase name="testMultipleApiCalls" classname="com.cognizant.mockitoadvanced.Exercise2RestClientMockingTest" time="0.01">
    <system-err><![CDATA[[main] INFO com.cognizant.mockitoadvanced.Exercise2RestClientMockingTest - === SETUP: Initialize ApiService with mocked RestClient ===
[main] INFO com.cognizant.mockitoadvanced.Exercise2RestClientMockingTest - --- ARRANGE: Setup multiple stubs ---
[main] INFO com.cognizant.mockitoadvanced.Exercise2RestClientMockingTest - --- ACT: Call multiple API methods ---
[main] INFO com.cognizant.mockitoadvanced.ApiService - Fetching data from REST API
[main] INFO com.cognizant.mockitoadvanced.ApiService - API Response: Fetched Data
[main] INFO com.cognizant.mockitoadvanced.ApiService - Fetching data by ID: 1 from API
[main] INFO com.cognizant.mockitoadvanced.ApiService - Posting data to API: test
[main] INFO com.cognizant.mockitoadvanced.Exercise2RestClientMockingTest - --- ASSERT: Verify all calls ---
[main] INFO com.cognizant.mockitoadvanced.Exercise2RestClientMockingTest - ✓ Test passed
]]></system-err>
  </testcase>
  <testcase name="testPostData" classname="com.cognizant.mockitoadvanced.Exercise2RestClientMockingTest" time="0.006">
    <system-err><![CDATA[[main] INFO com.cognizant.mockitoadvanced.Exercise2RestClientMockingTest - === SETUP: Initialize ApiService with mocked RestClient ===
[main] INFO com.cognizant.mockitoadvanced.Exercise2RestClientMockingTest - --- ARRANGE: Stub REST client ---
[main] INFO com.cognizant.mockitoadvanced.Exercise2RestClientMockingTest - --- ACT: Call apiService.postDataToApi() ---
[main] INFO com.cognizant.mockitoadvanced.ApiService - Posting data to API: New Data
[main] INFO com.cognizant.mockitoadvanced.Exercise2RestClientMockingTest - --- ASSERT: Verify result ---
[main] INFO com.cognizant.mockitoadvanced.Exercise2RestClientMockingTest - ✓ Test passed
]]></system-err>
  </testcase>
</testsuite>