<?xml version="1.0" encoding="UTF-8"?>
<testsuite xmlns:xsi="http://www.w3.org/2001/XMLSchema-instance" xsi:noNamespaceSchemaLocation="https://maven.apache.org/surefire/maven-surefire-plugin/xsd/surefire-test-report-3.0.xsd" version="3.0" name="com.cognizant.mockitoadvanced.Exercise5MultipleReturnsTest" time="0.083" tests="8" errors="0" skipped="0" failures="0">
  <properties>
[...]
</properties>
  <testcase name="testLastReturnRepeats" classname="com.cognizant.mockitoadvanced.Exercise5MultipleReturnsTest" time="0.009">
    <system-err><![CDATA[[main] INFO com.cognizant.mockitoadvanced.Exercise5MultipleReturnsTest - === SETUP: Initialize Service with mocked Repository ===
[main] INFO com.cognizant.mockitoadvanced.Exercise5MultipleReturnsTest - --- ARRANGE: Setup return values, last will repeat ---
[main] INFO com.cognizant.mockitoadvanced.Exercise5MultipleReturnsTest - --- ACT: Call four times ---
[main] INFO com.cognizant.mockitoadvanced.Service - Processing data from repository
[main] INFO com.cognizant.mockitoadvanced.Service - Data processed: Processed First
[main] INFO com.cognizant.mockitoadvanced.Service - Processing data from repository
[main] INFO com.cognizant.mockitoadvanced.Service - Data processed: Processed Last
[main] INFO com.cognizant.mockitoadvanced.Service - Processing data from repository
[main] INFO com.cognizant.mockitoadvanced.Service - Data processed: Processed Last
[main] INFO com.cognizant.mockitoadvanced.Service - Processing data from repository
[main] INFO com.cognizant.mockitoadvanced.Service - Data processed: Processed Last
[main] INFO com.cognizant.mockitoadvanced.Exercise5MultipleReturnsTest - --- ASSERT: Verify last value repeats ---
[main] INFO com.cognizant.mockitoadvanced.Exercise5MultipleReturnsTest - ✓ Test passed
]]></system-err>
  </testcase>
  <testcase name="testServiceWithMultipleReturnValues" classname="com.cognizant.mockitoadvanced.Exercise5MultipleReturnsTest" time="0.008">
    <system-err><![CDATA[[main] INFO com.cognizant.mockitoadvanced.Exercise5MultipleReturnsTest - === SETUP: Initialize Service with mocked Repository ===
[main] INFO com.cognizant.mockitoadvanced.Exercise5MultipleReturnsTest - --- ARRANGE: Setup multiple return values ---
[main] INFO com.cognizant.mockitoadvanced.Exercise5MultipleReturnsTest - --- ACT: Call processData multiple times ---
[main] INFO com.cognizant.mockitoadvanced.Service - Processing data from repository
[main] INFO com.cognizant.mockitoadvanced.Service - Data processed: Processed First Mock Data
[main] INFO com.cognizant.mockitoadvanced.Service - Processing data from repository
[main] INFO com.cognizant.mockitoadvanced.Service - Data processed: Processed Second Mock Data
[main] INFO com.cognizant.mockitoadvanced.Exercise5MultipleReturnsTest - --- ASSERT: Verify different results ---
[main] INFO com.cognizant.mockitoadvanced.Exercise5MultipleReturnsTest - ✓ Test passed
]]></system-err>
  </testcase>
  <testcase name="testThreeSequentialReturns" classname="com.cognizant.mockitoadvanced.Exercise5MultipleReturnsTest" time="0.007">
    <system-err><![CDATA[[main] INFO com.cognizant.mockitoadvanced.Exercise5MultipleReturnsTest - === SETUP: Initialize Service with mocked Repository ===
[main] INFO com.cognizant.mockitoadvanced.Exercise5MultipleReturnsTest - --- ARRANGE: Setup three return values ---
[main] INFO com.cognizant.mockitoadvanced.Exercise5MultipleReturnsTest - --- ACT: Call method three times ---
[main] INFO com.cognizant.mockitoadvanced.Service - Processing data from repository
[main] INFO com.cognizant.mockitoadvanced.Service - Data processed: Processed Data One
[main] INFO com.cognizant.mockitoadvanced.Service - Processing data from repository
[main] INFO com.cognizant.mockitoadvanced.Service - Data processed: Processed Data Two
[main] INFO com.cognizant.mockitoadvanced.Service - Processing data from repository
[main] INFO com.cognizant.mockitoadvanced.Service - Data processed: Processed Data Three
[main] INFO com.cognizant.mockitoadvanced.Exercise5MultipleReturnsTest - --- ASSERT: Verify all returns ---
[main] INFO com.cognizant.mockitoadvanced.Exercise5MultipleReturnsTest - ✓ Test passed
]]></system-err>
  </testcase>
  <testcase name="testReturnFollowedByException" classname="com.cognizant.mockitoadvanced.Exercise5MultipleReturnsTest" time="0.019">
    <system-err><![CDATA[[main] INFO com.cognizant.mockitoadvanced.Exercise5MultipleReturnsTest - === SETUP: Initialize Service with mocked Repository ===
[main] INFO com.cognizant.mockitoadvanced.Exercise5MultipleReturnsTest - --- ARRANGE: Setup return then exception ---
[main] INFO com.cognizant.mockitoadvanced.Exercise5MultipleReturnsTest - --- ACT: First call succeeds, second throws ---
[main] INFO com.cognizant.mockitoadvanced.Service - Processing data from repository
[main] INFO com.cognizant.mockitoadvanced.Service - Data processed: Processed Success
[main] INFO com.cognizant.mockitoadvanced.Exercise5MultipleReturnsTest - --- ASSERT: Verify success ---
[main] INFO com.cognizant.mockitoadvanced.Exercise5MultipleReturnsTest - --- ASSERT: Verify exception on second call ---
[main] INFO com.cognizant.mockitoadvanced.Service - Processing data from repository
[main] INFO com.cognizant.mockitoadvanced.Exercise5MultipleReturnsTest - ✓ Test passed
]]></system-err>
  </testcase>
  <testcase name="testMultipleDifferentIds" classname="com.cognizant.mockitoadvanced.Exercise5MultipleReturnsTest" time="0.008">
    <system-err><![CDATA[[main] INFO com.cognizant.mockitoadvanced.Exercise5MultipleReturnsTest - === SETUP: Initialize Service with mocked Repository ===
[main] INFO com.cognizant.mockitoadvanced.Exercise5MultipleReturnsTest - --- ARRANGE: Setup returns for multiple IDs ---
[main] INFO com.cognizant.mockitoadvanced.Exercise5MultipleReturnsTest - --- ACT: Call multiple times with different IDs ---
[main] INFO com.cognizant.mockitoadvanced.Service - Processing data for ID: 1
[main] INFO com.cognizant.mockitoadvanced.Service - Processing data for ID: 2
[main] INFO com.cognizant.mockitoadvanced.Service - Processing data for ID: 1
[main] INFO com.cognizant.mockitoadvanced.Service - Processing data for ID: 2
[main] INFO com.cognizant.mockitoadvanced.Exercise5MultipleReturnsTest - --- ASSERT: Verify separate chains ---
[main] INFO com.cognizant.mockitoadvanced.Exercise5MultipleReturnsTest - ✓ Test passed
]]></system-err>
  </testcase>
  <testcase name="testAlternatingReturnValues" classname="com.cognizant.mockitoadvanced.Exercise5MultipleReturnsTest" time="0.006">
    <system-err><![CDATA[[main] INFO com.cognizant.mockitoadvanced.Exercise5MultipleReturnsTest - === SETUP: Initialize Service with mocked Repository ===
[main] INFO com.cognizant.mockitoadvanced.Exercise5MultipleReturnsTest - --- ARRANGE: Setup alternating returns ---
[main] INFO com.cognizant.mockitoadvanced.Exercise5MultipleReturnsTest - --- ACT: Call four times ---
[main] INFO com.cognizant.mockitoadvanced.Service - Processing data from repository
[main] INFO com.cognizant.mockitoadvanced.Service - Data processed: Processed Even
[main] INFO com.cognizant.mockitoadvanced.Service - Processing data from repository
[main] INFO com.cognizant.mockitoadvanced.Service - Data processed: Processed Odd
[main] INFO com.cognizant.mockitoadvanced.Service - Processing data from repository
[main] INFO com.cognizant.mockitoadvanced.Service - Data processed: Processed Even
[main] INFO com.cognizant.mockitoadvanced.Service - Processing data from repository
[main] INFO com.cognizant.mockitoadvanced.Service - Data processed: Processed Odd
[main] INFO com.cognizant.mockitoadvanced.Exercise5MultipleReturnsTest - --- ASSERT: Verify alternation ---
[main] INFO com.cognizant.mockitoadvanced.Exercise5MultipleReturnsTest - ✓ Test passed
]]></system-err>
  </testcase>
  <testcase name="testMultipleOperationsCombined" classname="com.cognizant.mockitoadvanced.Exercise5MultipleReturnsTest" time="0.007">
    <system-err><![CDATA[[main] INFO com.cognizant.mockitoadvanced.Exercise5MultipleReturnsTest - === SETUP: Initialize Service with mocked Repository ===
[main] INFO com.cognizant.mockitoadvanced.Exercise5MultipleReturnsTest - --- ARRANGE: Setup returns for multiple methods ---
[main] INFO com.cognizant.mockitoadvanced.Exercise5MultipleReturnsTest - --- ACT: Call different methods multiple times ---
[main] INFO com.cognizant.mockitoadvanced.Service - Processing data from repository
[main] INFO com.cognizant.mockitoadvanced.Service - Data processed: Processed Data1
[main] INFO com.cognizant.mockitoadvanced.Service - Processing data for ID: 1
[main] INFO com.cognizant.mockitoadvanced.Service - Processing data from repository
[main] INFO com.cognizant.mockitoadvanced.Service - Data processed: Processed Data2
[main] INFO com.cognizant.mockitoadvanced.Service - Processing data for ID: 1
[main] INFO com.cognizant.mockitoadvanced.Exercise5MultipleReturnsTest - --- ASSERT: Verify all operations ---
[main] INFO com.cognizant.mockitoadvanced.Exercise5MultipleReturnsTest - ✓ Test passed
]]></system-err>
  </testcase>
  <testcase name="testMultipleReturnsWithId" classname="com.cognizant.mockitoadvanced.Exercise5MultipleReturnsTest" time="0.003">
    <system-err><![CDATA[[main] INFO com.cognizant.mockitoadvanced.Exercise5MultipleReturnsTest - === SETUP: Initialize Service with mocked Repository ===
[main] INFO com.cognizant.mockitoadvanced.Exercise5MultipleReturnsTest - --- ARRANGE: Setup returns for specific ID ---
[main] INFO com.cognizant.mockitoadvanced.Exercise5MultipleReturnsTest - --- ACT: Call multiple times with same ID ---
[main] INFO com.cognizant.mockitoadvanced.Service - Processing data for ID: 1
[main] INFO com.cognizant.mockitoadvanced.Service - Processing data for ID: 1
[main] INFO com.cognizant.mockitoadvanced.Service - Processing data for ID: 1
[main] INFO com.cognizant.mockitoadvanced.Exercise5MultipleReturnsTest - --- ASSERT: Verify progression ---
[main] INFO com.cognizant.mockitoadvanced.Exercise5MultipleReturnsTest - ✓ Test passed
]]></system-err>
  </testcase>
</testsuite>